Connecting to chainID 61000 ws://moonbase-internal.polkaholic.io:9944
API OPEN --  origination 61000
Connecting to chainID 60000 ws://moonbase-internal.polkaholic.io:9945
origination BLOCK 0xd8d25dbc1f7dfbdd35f079f3b82976b4181dab0924135a6ded22b95dd111eb53 3049506 true
API OPEN --  relay 60000
Connecting to chainID 60888 ws://moonbase-beta-internal.polkaholic.io:9944
API OPEN --  destination 60888
GENERATED ethereumXcm.transact 0x260000e093040000000000000000000000000000000000000000000000000000000000010049ba58e2ef3047b1f90375c79b93578d90d24e24000000000000000000000000000000000000000000000000000000000000000010cde4efa900
xcmTransactor:transactThroughSigned args [
    {
        "V1": {
            "parents": 1,
            "interior": {
                "X1": {
                    "Parachain": 888
                }
            }
        }
    },
    {
        "currency": {
            "AsCurrencyId": {
                "ForeignAsset": "35487752324713722007834302681851459189"
            }
        },
        "feeAmount": "30000000000000000"
    },
    "0x260000e093040000000000000000000000000000000000000000000000000000000000010049ba58e2ef3047b1f90375c79b93578d90d24e24000000000000000000000000000000000000000000000000000000000000000010cde4efa900",
    {
        "transactRequiredWeightAtMost": "8000000000",
        "overallWeight": null
    }
]
transactThroughSigned 0x590204210601010100e10d00017576e5e612ff054915d426c546b1b21a010000434fd7946a0000000000000000007d01260000e093040000000000000000000000000000000000000000000000000000000000010049ba58e2ef3047b1f90375c79b93578d90d24e24000000000000000000000000000000000000000000000000000000000000000010cde4efa9000050d6dc0100000000
destination BLOCK 0x79e8e97b85b74314cab98b3b704b0b32232d53bcaa79eb2c65db7c6932a5b1bb 790549 true
relay TRACE 0xef96c6a1bc07f72e22aaae799c27db7c8424dfedd05a0a26c6de208d0a35ba88 7349613 false
Est. extrinsics weight=428130000, weight fees=12.7420 µDEV
broadcasting signed extrinsic
Transfer sent with hash 0xc7c55dafbf378b00b3d7ea0629c4e165d515dcaefb515ef6a77fafb439b8ae8f
View extrinsic: https://polkaholic.io/tx/0xc7c55dafbf378b00b3d7ea0629c4e165d515dcaefb515ef6a77fafb439b8ae8f
origination BLOCK 0x7bc054ad20e7f4dfd0527c8d48d584c23509562612a42008040a86a2f32be710 3049507 false
relay TRACE 0xf1ac9ceb707336cf3f8be2dbb4313ef2dfbe3a368532bc5ed62eeb7dc00b5d93 7349614 false
destination TRACE 0x43a677463dcb0dbb653ff4c807cde3547cdc7f1688c07d3fd2f5a27bcded4137 790552 false
destination BLOCK 0x43a677463dcb0dbb653ff4c807cde3547cdc7f1688c07d3fd2f5a27bcded4137 790552 false
destination BLOCK 0xb6367f14827cc54e182fe5e4458e1f32df781f14d9c5c264ff28200ef099c7f7 790550 true
relay TRACE 0x69dee90e038e36479c3667e3f39916b87e2e676df30cd1336a6ec2fac26428e7 7349615 false
relay TRACE 0xef96c6a1bc07f72e22aaae799c27db7c8424dfedd05a0a26c6de208d0a35ba88 7349613 true
relay TRACE 0xbcd9fd175fd5533481af7679a146197091a4a3adef07f1c061a4cc06f4f8b298 7349616 false
destination TRACE 0xd0eb905b48e867cf64e2ceaa6189be564f77611047731d6874c74a281082eb60 790553 false
destination BLOCK 0xd0eb905b48e867cf64e2ceaa6189be564f77611047731d6874c74a281082eb60 790553 false
origination BLOCK 0x59936ec88bec32957d9d4c291b5e8ac4830c06d8edccd777109d1d38d6f8826b 3049508 false
2022-10-22 00:03:23 XCMINFO: ORIGINATION MSGHASH  UNFINALIZED 3049508 extrinsicHash= 0xc7c55dafbf378b00b3d7ea0629c4e165d515dcaefb515ef6a77fafb439b8ae8f msgHash= 0x32ff99bb5ad70677b286d99bf3220cb7671b7442d385aaa291426d9a0b045dad
2022-10-22 00:03:23 XCMINFO: ORIGINATION EXTRINSIC  UNFINALIZED 3049508 extrinsicHash= 0xc7c55dafbf378b00b3d7ea0629c4e165d515dcaefb515ef6a77fafb439b8ae8f xcmInfo {
    "origination": {
        "remoteEVMTx": {
            "from": "0x02931229f6fcc2b02ada8638143fe0dfd0b313ae",
            "transact": {
                "args": {
                    "xcm_transaction": {
                        "V1": {
                            "gasLimit": "300,000",
                            "feePayment": "Auto",
                            "action": {
                                "Call": "0x49ba58e2ef3047b1f90375c79b93578d90d24e24"
                            },
                            "value": "0",
                            "input": "0xcde4efa9",
                            "accessList": null
                        }
                    }
                },
                "method": "transact",
                "section": "ethereumXcm"
            }
        },
        "unfinalized": {
            "0x59936ec88bec32957d9d4c291b5e8ac4830c06d8edccd777109d1d38d6f8826b": {
                "method": {
                    "callIndex": "0x2106",
                    "pallet": "xcmTransactor",
                    "method": "transactThroughSigned"
                },
                "args": {
                    "dest": {
                        "v1": {
                            "parents": 1,
                            "interior": {
                                "x1": {
                                    "parachain": 888
                                }
                            }
                        }
                    },
                    "fee": {
                        "currency": {
                            "asCurrencyId": {
                                "foreignAsset": "0x1ab2b146c526d4154905ff12e6e57675"
                            }
                        },
                        "feeAmount": "0x0000000000000000006a94d74f430000"
                    },
                    "call": "0x260000e093040000000000000000000000000000000000000000000000000000000000010049ba58e2ef3047b1f90375c79b93578d90d24e24000000000000000000000000000000000000000000000000000000000000000010cde4efa900",
                    "weight_info": {
                        "transactRequiredWeightAtMost": 8000000000,
                        "overallWeight": null
                    }
                },
                "signature": {
                    "signer": "0xDcB4651B5BbD105CDa8d3bA5740b6C4f02b9256D",
                    "signature": "0x962856db9da0d7a7ab8c3e6f681eddac76f78ecf3cb212fa67a09bc0b6633bef1d164db2d8211dfbf3de8276535a2e3d3c4ebf9f3480e59b6d86f787f1011ef800",
                    "era": {
                        "period": "256",
                        "phase": "34"
                    },
                    "nonce": 68,
                    "tip": 0,
                    "isSigned": true
                },
                "lifetime": {
                    "isImmortal": 0,
                    "birth": 3049506,
                    "death": 3049762
                },
                "extrinsicHash": "0xc7c55dafbf378b00b3d7ea0629c4e165d515dcaefb515ef6a77fafb439b8ae8f",
                "extrinsicID": "3049508-153",
                "events": [
                    {
                        "docs": "[Some amount was withdrawn from the account (e.g. for transaction fees).]",
                        "section": "balances",
                        "method": "Withdraw",
                        "data": {
                            "who": "0xDcB4651B5BbD105CDa8d3bA5740b6C4f02b9256D",
                            "amount": "12,742,058,367,418"
                        },
                        "dataType": [
                            {
                                "typeDef": "AccountId20",
                                "name": "who"
                            },
                            {
                                "typeDef": "u128",
                                "name": "amount"
                            }
                        ]
                    },
                    {
                        "docs": "[An HRMP message was sent to a sibling parachain.]",
                        "section": "xcmpQueue",
                        "method": "XcmpMessageSent",
                        "data": {
                            "messageHash": "0x32ff99bb5ad70677b286d99bf3220cb7671b7442d385aaa291426d9a0b045dad"
                        },
                        "dataType": [
                            {
                                "typeDef": "Option<H256>",
                                "name": "message_hash"
                            }
                        ]
                    },
                    {
                        "docs": "[Transacted the call through a signed account in a destination chain.]",
                        "section": "xcmTransactor",
                        "method": "TransactedSigned",
                        "data": {
                            "feePayer": "0xDcB4651B5BbD105CDa8d3bA5740b6C4f02b9256D",
                            "dest": {
                                "parents": "1",
                                "interior": {
                                    "X1": {
                                        "Parachain": "888"
                                    }
                                }
                            },
                            "call": "0x260000e093040000000000000000000000000000000000000000000000000000000000010049ba58e2ef3047b1f90375c79b93578d90d24e24000000000000000000000000000000000000000000000000000000000000000010cde4efa900"
                        },
                        "dataType": [
                            {
                                "typeDef": "AccountId20",
                                "name": "fee_payer"
                            },
                            {
                                "typeDef": "{\"parents\":\"u8\",\"interior\":\"XcmV1MultilocationJunctions\"}",
                                "name": "dest"
                            },
                            {
                                "typeDef": "Bytes",
                                "name": "call"
                            }
                        ]
                    },
                    {
                        "docs": "[Some amount was deposited (e.g. for transaction fees).]",
                        "section": "balances",
                        "method": "Deposit",
                        "data": {
                            "who": "0x6d6F646c70632f74727372790000000000000000",
                            "amount": "2,548,411,673,484"
                        },
                        "dataType": [
                            {
                                "typeDef": "AccountId20",
                                "name": "who"
                            },
                            {
                                "typeDef": "u128",
                                "name": "amount"
                            }
                        ]
                    },
                    {
                        "docs": "[Some funds have been deposited.]",
                        "section": "treasury",
                        "method": "Deposit",
                        "data": {
                            "value": "2,548,411,673,484"
                        },
                        "dataType": [
                            {
                                "typeDef": "u128",
                                "name": "value"
                            }
                        ]
                    },
                    {
                        "docs": "[A transaction fee `actual_fee`, of which `tip` was added to the minimum inclusion fee,, has been paid by `who`.]",
                        "section": "transactionPayment",
                        "method": "TransactionFeePaid",
                        "data": {
                            "who": "0xDcB4651B5BbD105CDa8d3bA5740b6C4f02b9256D",
                            "actualFee": "12,742,058,367,418",
                            "tip": "0"
                        },
                        "dataType": [
                            {
                                "typeDef": "AccountId20",
                                "name": "who"
                            },
                            {
                                "typeDef": "u128",
                                "name": "actual_fee"
                            },
                            {
                                "typeDef": "u128",
                                "name": "tip"
                            }
                        ]
                    },
                    {
                        "docs": "[An extrinsic completed successfully.]",
                        "section": "system",
                        "method": "ExtrinsicSuccess",
                        "data": {
                            "dispatchInfo": {
                                "weight": "428,130,000",
                                "class": "Normal",
                                "paysFee": "Yes"
                            }
                        },
                        "dataType": [
                            {
                                "typeDef": "{\"weight\":\"u64\",\"class\":\"FrameSupportWeightsDispatchClass\",\"paysFee\":\"FrameSupportWeightsPays\"}",
                                "name": "dispatch_info"
                            }
                        ]
                    }
                ]
            }
        },
        "extrinsicID": null
    },
    "relayed": {
        "unfinalized": {}
    },
    "destination": {
        "remoteEVMTx": null,
        "unfinalized": {}
    }
}
origination BLOCK 0x7bc054ad20e7f4dfd0527c8d48d584c23509562612a42008040a86a2f32be710 3049507 true
destination BLOCK 0x004392143e5ce249210183f6c5d57696e201ade6f221db932b72f229919b2dea 790551 true
relay TRACE 0xf1ac9ceb707336cf3f8be2dbb4313ef2dfbe3a368532bc5ed62eeb7dc00b5d93 7349614 true
relay TRACE 0x69dee90e038e36479c3667e3f39916b87e2e676df30cd1336a6ec2fac26428e7 7349615 true
relay TRACE 0xce5cde8531b1494d2d2f7661c3b0408e449c23b69dbab493dd6bee01e21ef68a 7349617 false
relay TRACE 0xdb2954cf54ccd14238b327696ddbfff795009a6fdb16185ff44d92d5f002ec2c 7349617 false
relay TRACE 0xbb6beb6ac28fb9855192ea34cb13144a13c3a10d58040d1ec79cec3745962b24 7349617 false
relay TRACE 0x54cc5bc2093a907c6abc7349c8d9752f85a33d9d17cb39dbbe216d784e36d4f3 7349618 false
destination TRACE 0xdfabfdf10491011a195bd7c9aaf2b5e598e7bc162690eb43f2975492f4fa3e1c 790554 false
destination BLOCK 0xdfabfdf10491011a195bd7c9aaf2b5e598e7bc162690eb43f2975492f4fa3e1c 790554 false
2022-10-22 00:03:30 XCMINFO: DEST RemoteEVMTX  FINALIZED 790554 {
    "origination": {
        "remoteEVMTx": {
            "from": "0x02931229f6fcc2b02ada8638143fe0dfd0b313ae",
            "transact": {
                "args": {
                    "xcm_transaction": {
                        "V1": {
                            "gasLimit": "300,000",
                            "feePayment": "Auto",
                            "action": {
                                "Call": "0x49ba58e2ef3047b1f90375c79b93578d90d24e24"
                            },
                            "value": "0",
                            "input": "0xcde4efa9",
                            "accessList": null
                        }
                    }
                },
                "method": "transact",
                "section": "ethereumXcm"
            }
        },
        "unfinalized": {
            "0x59936ec88bec32957d9d4c291b5e8ac4830c06d8edccd777109d1d38d6f8826b": {
                "method": {
                    "callIndex": "0x2106",
                    "pallet": "xcmTransactor",
                    "method": "transactThroughSigned"
                },
                "args": {
                    "dest": {
                        "v1": {
                            "parents": 1,
                            "interior": {
                                "x1": {
                                    "parachain": 888
                                }
                            }
                        }
                    },
                    "fee": {
                        "currency": {
                            "asCurrencyId": {
                                "foreignAsset": "0x1ab2b146c526d4154905ff12e6e57675"
                            }
                        },
                        "feeAmount": "0x0000000000000000006a94d74f430000"
                    },
                    "call": "0x260000e093040000000000000000000000000000000000000000000000000000000000010049ba58e2ef3047b1f90375c79b93578d90d24e24000000000000000000000000000000000000000000000000000000000000000010cde4efa900",
                    "weight_info": {
                        "transactRequiredWeightAtMost": 8000000000,
                        "overallWeight": null
                    }
                },
                "signature": {
                    "signer": "0xDcB4651B5BbD105CDa8d3bA5740b6C4f02b9256D",
                    "signature": "0x962856db9da0d7a7ab8c3e6f681eddac76f78ecf3cb212fa67a09bc0b6633bef1d164db2d8211dfbf3de8276535a2e3d3c4ebf9f3480e59b6d86f787f1011ef800",
                    "era": {
                        "period": "256",
                        "phase": "34"
                    },
                    "nonce": 68,
                    "tip": 0,
                    "isSigned": true
                },
                "lifetime": {
                    "isImmortal": 0,
                    "birth": 3049506,
                    "death": 3049762
                },
                "extrinsicHash": "0xc7c55dafbf378b00b3d7ea0629c4e165d515dcaefb515ef6a77fafb439b8ae8f",
                "extrinsicID": "3049508-153",
                "events": [
                    {
                        "docs": "[Some amount was withdrawn from the account (e.g. for transaction fees).]",
                        "section": "balances",
                        "method": "Withdraw",
                        "data": {
                            "who": "0xDcB4651B5BbD105CDa8d3bA5740b6C4f02b9256D",
                            "amount": "12,742,058,367,418"
                        },
                        "dataType": [
                            {
                                "typeDef": "AccountId20",
                                "name": "who"
                            },
                            {
                                "typeDef": "u128",
                                "name": "amount"
                            }
                        ]
                    },
                    {
                        "docs": "[An HRMP message was sent to a sibling parachain.]",
                        "section": "xcmpQueue",
                        "method": "XcmpMessageSent",
                        "data": {
                            "messageHash": "0x32ff99bb5ad70677b286d99bf3220cb7671b7442d385aaa291426d9a0b045dad"
                        },
                        "dataType": [
                            {
                                "typeDef": "Option<H256>",
                                "name": "message_hash"
                            }
                        ]
                    },
                    {
                        "docs": "[Transacted the call through a signed account in a destination chain.]",
                        "section": "xcmTransactor",
                        "method": "TransactedSigned",
                        "data": {
                            "feePayer": "0xDcB4651B5BbD105CDa8d3bA5740b6C4f02b9256D",
                            "dest": {
                                "parents": "1",
                                "interior": {
                                    "X1": {
                                        "Parachain": "888"
                                    }
                                }
                            },
                            "call": "0x260000e093040000000000000000000000000000000000000000000000000000000000010049ba58e2ef3047b1f90375c79b93578d90d24e24000000000000000000000000000000000000000000000000000000000000000010cde4efa900"
                        },
                        "dataType": [
                            {
                                "typeDef": "AccountId20",
                                "name": "fee_payer"
                            },
                            {
                                "typeDef": "{\"parents\":\"u8\",\"interior\":\"XcmV1MultilocationJunctions\"}",
                                "name": "dest"
                            },
                            {
                                "typeDef": "Bytes",
                                "name": "call"
                            }
                        ]
                    },
                    {
                        "docs": "[Some amount was deposited (e.g. for transaction fees).]",
                        "section": "balances",
                        "method": "Deposit",
                        "data": {
                            "who": "0x6d6F646c70632f74727372790000000000000000",
                            "amount": "2,548,411,673,484"
                        },
                        "dataType": [
                            {
                                "typeDef": "AccountId20",
                                "name": "who"
                            },
                            {
                                "typeDef": "u128",
                                "name": "amount"
                            }
                        ]
                    },
                    {
                        "docs": "[Some funds have been deposited.]",
                        "section": "treasury",
                        "method": "Deposit",
                        "data": {
                            "value": "2,548,411,673,484"
                        },
                        "dataType": [
                            {
                                "typeDef": "u128",
                                "name": "value"
                            }
                        ]
                    },
                    {
                        "docs": "[A transaction fee `actual_fee`, of which `tip` was added to the minimum inclusion fee,, has been paid by `who`.]",
                        "section": "transactionPayment",
                        "method": "TransactionFeePaid",
                        "data": {
                            "who": "0xDcB4651B5BbD105CDa8d3bA5740b6C4f02b9256D",
                            "actualFee": "12,742,058,367,418",
                            "tip": "0"
                        },
                        "dataType": [
                            {
                                "typeDef": "AccountId20",
                                "name": "who"
                            },
                            {
                                "typeDef": "u128",
                                "name": "actual_fee"
                            },
                            {
                                "typeDef": "u128",
                                "name": "tip"
                            }
                        ]
                    },
                    {
                        "docs": "[An extrinsic completed successfully.]",
                        "section": "system",
                        "method": "ExtrinsicSuccess",
                        "data": {
                            "dispatchInfo": {
                                "weight": "428,130,000",
                                "class": "Normal",
                                "paysFee": "Yes"
                            }
                        },
                        "dataType": [
                            {
                                "typeDef": "{\"weight\":\"u64\",\"class\":\"FrameSupportWeightsDispatchClass\",\"paysFee\":\"FrameSupportWeightsPays\"}",
                                "name": "dispatch_info"
                            }
                        ]
                    }
                ]
            }
        },
        "extrinsicID": null
    },
    "relayed": {
        "unfinalized": {}
    },
    "destination": {
        "remoteEVMTx": {
            "chainId": 0,
            "nonce": 31,
            "maxPriorityFeePerGas": 0,
            "maxFeePerGas": 0,
            "gasLimit": 300000,
            "action": {
                "call": "0x49ba58e2ef3047b1f90375c79b93578d90d24e24"
            },
            "value": 0,
            "input": "0xcde4efa9",
            "accessList": [],
            "oddYParity": true,
            "r": "0x0000000000000000000000000000000000000000000000000000000000000001",
            "s": "0x0000000000000000000000000000000000000000000000000000000000000001",
            "type": 2,
            "ts": 0,
            "timestamp": 0,
            "blockNumber": 790554,
            "transactionIndex": 0,
            "hash": "0x5214c5fbcf7fe1209c4c64a660a701242568f0b25a9660e3b2995d123e974c08",
            "from": "0x02931229f6fcc2b02ada8638143fe0dfd0b313ae",
            "to": "0x49ba58e2ef3047b1f90375c79b93578d90d24e24",
            "logs": [
                {
                    "address": "0x49ba58e2ef3047b1f90375c79b93578d90d24e24",
                    "topics": [
                        "0x5927497611fce42d91839eabbf64893ee7e8d42f58ec50184d189f0ce1b06208",
                        "0x00000000000000000000000002931229f6fcc2b02ada8638143fe0dfd0b313ae"
                    ],
                    "data": "0x00000000000000000000000000000000000000000000000000000000000000000000000000000000000000000000000000000000000000000000000000000022"
                }
            ],
            "statusCode": 1
        },
        "unfinalized": {}
    }
}
origination BLOCK 0x5079d989becb77631d81638dfc6ccc1755163ff03d104dc8e9040c1df70580b8 3049509 false
relay TRACE 0xbcd9fd175fd5533481af7679a146197091a4a3adef07f1c061a4cc06f4f8b298 7349616 true
2022-10-22 00:03:35 XCMINFO: RELAY CHAIN MESSAGE  FINALIZED 7349616 extrinsicHash 0xc7c55dafbf378b00b3d7ea0629c4e165d515dcaefb515ef6a77fafb439b8ae8f msgHash 0x32ff99bb5ad70677b286d99bf3220cb7671b7442d385aaa291426d9a0b045dad xcmInfo {
    "origination": {
        "remoteEVMTx": {
            "from": "0x02931229f6fcc2b02ada8638143fe0dfd0b313ae",
            "transact": {
                "args": {
                    "xcm_transaction": {
                        "V1": {
                            "gasLimit": "300,000",
                            "feePayment": "Auto",
                            "action": {
                                "Call": "0x49ba58e2ef3047b1f90375c79b93578d90d24e24"
                            },
                            "value": "0",
                            "input": "0xcde4efa9",
                            "accessList": null
                        }
                    }
                },
                "method": "transact",
                "section": "ethereumXcm"
            }
        },
        "unfinalized": {
            "0x59936ec88bec32957d9d4c291b5e8ac4830c06d8edccd777109d1d38d6f8826b": {
                "method": {
                    "callIndex": "0x2106",
                    "pallet": "xcmTransactor",
                    "method": "transactThroughSigned"
                },
                "args": {
                    "dest": {
                        "v1": {
                            "parents": 1,
                            "interior": {
                                "x1": {
                                    "parachain": 888
                                }
                            }
                        }
                    },
                    "fee": {
                        "currency": {
                            "asCurrencyId": {
                                "foreignAsset": "0x1ab2b146c526d4154905ff12e6e57675"
                            }
                        },
                        "feeAmount": "0x0000000000000000006a94d74f430000"
                    },
                    "call": "0x260000e093040000000000000000000000000000000000000000000000000000000000010049ba58e2ef3047b1f90375c79b93578d90d24e24000000000000000000000000000000000000000000000000000000000000000010cde4efa900",
                    "weight_info": {
                        "transactRequiredWeightAtMost": 8000000000,
                        "overallWeight": null
                    }
                },
                "signature": {
                    "signer": "0xDcB4651B5BbD105CDa8d3bA5740b6C4f02b9256D",
                    "signature": "0x962856db9da0d7a7ab8c3e6f681eddac76f78ecf3cb212fa67a09bc0b6633bef1d164db2d8211dfbf3de8276535a2e3d3c4ebf9f3480e59b6d86f787f1011ef800",
                    "era": {
                        "period": "256",
                        "phase": "34"
                    },
                    "nonce": 68,
                    "tip": 0,
                    "isSigned": true
                },
                "lifetime": {
                    "isImmortal": 0,
                    "birth": 3049506,
                    "death": 3049762
                },
                "extrinsicHash": "0xc7c55dafbf378b00b3d7ea0629c4e165d515dcaefb515ef6a77fafb439b8ae8f",
                "extrinsicID": "3049508-153",
                "events": [
                    {
                        "docs": "[Some amount was withdrawn from the account (e.g. for transaction fees).]",
                        "section": "balances",
                        "method": "Withdraw",
                        "data": {
                            "who": "0xDcB4651B5BbD105CDa8d3bA5740b6C4f02b9256D",
                            "amount": "12,742,058,367,418"
                        },
                        "dataType": [
                            {
                                "typeDef": "AccountId20",
                                "name": "who"
                            },
                            {
                                "typeDef": "u128",
                                "name": "amount"
                            }
                        ]
                    },
                    {
                        "docs": "[An HRMP message was sent to a sibling parachain.]",
                        "section": "xcmpQueue",
                        "method": "XcmpMessageSent",
                        "data": {
                            "messageHash": "0x32ff99bb5ad70677b286d99bf3220cb7671b7442d385aaa291426d9a0b045dad"
                        },
                        "dataType": [
                            {
                                "typeDef": "Option<H256>",
                                "name": "message_hash"
                            }
                        ]
                    },
                    {
                        "docs": "[Transacted the call through a signed account in a destination chain.]",
                        "section": "xcmTransactor",
                        "method": "TransactedSigned",
                        "data": {
                            "feePayer": "0xDcB4651B5BbD105CDa8d3bA5740b6C4f02b9256D",
                            "dest": {
                                "parents": "1",
                                "interior": {
                                    "X1": {
                                        "Parachain": "888"
                                    }
                                }
                            },
                            "call": "0x260000e093040000000000000000000000000000000000000000000000000000000000010049ba58e2ef3047b1f90375c79b93578d90d24e24000000000000000000000000000000000000000000000000000000000000000010cde4efa900"
                        },
                        "dataType": [
                            {
                                "typeDef": "AccountId20",
                                "name": "fee_payer"
                            },
                            {
                                "typeDef": "{\"parents\":\"u8\",\"interior\":\"XcmV1MultilocationJunctions\"}",
                                "name": "dest"
                            },
                            {
                                "typeDef": "Bytes",
                                "name": "call"
                            }
                        ]
                    },
                    {
                        "docs": "[Some amount was deposited (e.g. for transaction fees).]",
                        "section": "balances",
                        "method": "Deposit",
                        "data": {
                            "who": "0x6d6F646c70632f74727372790000000000000000",
                            "amount": "2,548,411,673,484"
                        },
                        "dataType": [
                            {
                                "typeDef": "AccountId20",
                                "name": "who"
                            },
                            {
                                "typeDef": "u128",
                                "name": "amount"
                            }
                        ]
                    },
                    {
                        "docs": "[Some funds have been deposited.]",
                        "section": "treasury",
                        "method": "Deposit",
                        "data": {
                            "value": "2,548,411,673,484"
                        },
                        "dataType": [
                            {
                                "typeDef": "u128",
                                "name": "value"
                            }
                        ]
                    },
                    {
                        "docs": "[A transaction fee `actual_fee`, of which `tip` was added to the minimum inclusion fee,, has been paid by `who`.]",
                        "section": "transactionPayment",
                        "method": "TransactionFeePaid",
                        "data": {
                            "who": "0xDcB4651B5BbD105CDa8d3bA5740b6C4f02b9256D",
                            "actualFee": "12,742,058,367,418",
                            "tip": "0"
                        },
                        "dataType": [
                            {
                                "typeDef": "AccountId20",
                                "name": "who"
                            },
                            {
                                "typeDef": "u128",
                                "name": "actual_fee"
                            },
                            {
                                "typeDef": "u128",
                                "name": "tip"
                            }
                        ]
                    },
                    {
                        "docs": "[An extrinsic completed successfully.]",
                        "section": "system",
                        "method": "ExtrinsicSuccess",
                        "data": {
                            "dispatchInfo": {
                                "weight": "428,130,000",
                                "class": "Normal",
                                "paysFee": "Yes"
                            }
                        },
                        "dataType": [
                            {
                                "typeDef": "{\"weight\":\"u64\",\"class\":\"FrameSupportWeightsDispatchClass\",\"paysFee\":\"FrameSupportWeightsPays\"}",
                                "name": "dispatch_info"
                            }
                        ]
                    }
                ]
            }
        },
        "extrinsicID": null
    },
    "relayed": {
        "unfinalized": {},
        "finalized": {
            "msgType": "hrmp",
            "chainID": 61000,
            "chainIDDest": 60888,
            "paraID": 1000,
            "paraIDDest": 888,
            "sentAt": 7349615,
            "relayedAt": 7349616,
            "includedAt": 7349617,
            "msgHex": "0x02100b010300dcb4651b5bbd105cda8d3ba5740b6c4f02b9256d00040000010403000f0000434fd7946a130000010403000f0000434fd7946a010700d4adf4010601070050d6dc017d01260000e093040000000000000000000000000000000000000000000000000000000000010049ba58e2ef3047b1f90375c79b93578d90d24e24000000000000000000000000000000000000000000000000000000000000000010cde4efa900",
            "msgHash": "0x32ff99bb5ad70677b286d99bf3220cb7671b7442d385aaa291426d9a0b045dad",
            "relayedBlockHash": "0xbcd9fd175fd5533481af7679a146197091a4a3adef07f1c061a4cc06f4f8b298",
            "blockTS": 0,
            "relayChain": "moonbase-relay",
            "finalized": true,
            "ctx": "PendingAvailabilityCommitments"
        }
    },
    "destination": {
        "remoteEVMTx": {
            "chainId": 0,
            "nonce": 31,
            "maxPriorityFeePerGas": 0,
            "maxFeePerGas": 0,
            "gasLimit": 300000,
            "action": {
                "call": "0x49ba58e2ef3047b1f90375c79b93578d90d24e24"
            },
            "value": 0,
            "input": "0xcde4efa9",
            "accessList": [],
            "oddYParity": true,
            "r": "0x0000000000000000000000000000000000000000000000000000000000000001",
            "s": "0x0000000000000000000000000000000000000000000000000000000000000001",
            "type": 2,
            "ts": 0,
            "timestamp": 0,
            "blockNumber": 790554,
            "transactionIndex": 0,
            "hash": "0x5214c5fbcf7fe1209c4c64a660a701242568f0b25a9660e3b2995d123e974c08",
            "from": "0x02931229f6fcc2b02ada8638143fe0dfd0b313ae",
            "to": "0x49ba58e2ef3047b1f90375c79b93578d90d24e24",
            "logs": [
                {
                    "address": "0x49ba58e2ef3047b1f90375c79b93578d90d24e24",
                    "topics": [
                        "0x5927497611fce42d91839eabbf64893ee7e8d42f58ec50184d189f0ce1b06208",
                        "0x00000000000000000000000002931229f6fcc2b02ada8638143fe0dfd0b313ae"
                    ],
                    "data": "0x00000000000000000000000000000000000000000000000000000000000000000000000000000000000000000000000000000000000000000000000000000022"
                }
            ],
            "statusCode": 1
        },
        "unfinalized": {}
    }
}
destination TRACE 0x43a677463dcb0dbb653ff4c807cde3547cdc7f1688c07d3fd2f5a27bcded4137 790552 true
destination BLOCK 0x43a677463dcb0dbb653ff4c807cde3547cdc7f1688c07d3fd2f5a27bcded4137 790552 true
origination BLOCK 0x4e064fdfdbe6b0db284ada73c3f5443901fe48c99e5fc7451a2861d0ee50c90e 3049509 false
origination BLOCK 0x55b3c837b8196970a7b78fe66c1da5bfe691d0f1c322d9b2b82352e8d9cf2ceb 3049509 false
relay TRACE 0x64df61e94905a30692f4da5f790c4be5eb009c06b53c52047d6ce4107dc7a513 7349619 false
relay TRACE 0xdb2954cf54ccd14238b327696ddbfff795009a6fdb16185ff44d92d5f002ec2c 7349617 true
origination BLOCK 0x59936ec88bec32957d9d4c291b5e8ac4830c06d8edccd777109d1d38d6f8826b 3049508 true
2022-10-22 00:03:41 XCMINFO: ORIGINATION MSGHASH  FINALIZED 3049508 extrinsicHash= 0xc7c55dafbf378b00b3d7ea0629c4e165d515dcaefb515ef6a77fafb439b8ae8f msgHash= 0x32ff99bb5ad70677b286d99bf3220cb7671b7442d385aaa291426d9a0b045dad
2022-10-22 00:03:41 XCMINFO: ORIGINATION EXTRINSIC  FINALIZED 3049508 extrinsicHash= 0xc7c55dafbf378b00b3d7ea0629c4e165d515dcaefb515ef6a77fafb439b8ae8f xcmInfo {
    "origination": {
        "remoteEVMTx": {
            "from": "0x02931229f6fcc2b02ada8638143fe0dfd0b313ae",
            "transact": {
                "args": {
                    "xcm_transaction": {
                        "V1": {
                            "gasLimit": "300,000",
                            "feePayment": "Auto",
                            "action": {
                                "Call": "0x49ba58e2ef3047b1f90375c79b93578d90d24e24"
                            },
                            "value": "0",
                            "input": "0xcde4efa9",
                            "accessList": null
                        }
                    }
                },
                "method": "transact",
                "section": "ethereumXcm"
            }
        },
        "unfinalized": {
            "0x59936ec88bec32957d9d4c291b5e8ac4830c06d8edccd777109d1d38d6f8826b": {
                "method": {
                    "callIndex": "0x2106",
                    "pallet": "xcmTransactor",
                    "method": "transactThroughSigned"
                },
                "args": {
                    "dest": {
                        "v1": {
                            "parents": 1,
                            "interior": {
                                "x1": {
                                    "parachain": 888
                                }
                            }
                        }
                    },
                    "fee": {
                        "currency": {
                            "asCurrencyId": {
                                "foreignAsset": "0x1ab2b146c526d4154905ff12e6e57675"
                            }
                        },
                        "feeAmount": "0x0000000000000000006a94d74f430000"
                    },
                    "call": "0x260000e093040000000000000000000000000000000000000000000000000000000000010049ba58e2ef3047b1f90375c79b93578d90d24e24000000000000000000000000000000000000000000000000000000000000000010cde4efa900",
                    "weight_info": {
                        "transactRequiredWeightAtMost": 8000000000,
                        "overallWeight": null
                    }
                },
                "signature": {
                    "signer": "0xDcB4651B5BbD105CDa8d3bA5740b6C4f02b9256D",
                    "signature": "0x962856db9da0d7a7ab8c3e6f681eddac76f78ecf3cb212fa67a09bc0b6633bef1d164db2d8211dfbf3de8276535a2e3d3c4ebf9f3480e59b6d86f787f1011ef800",
                    "era": {
                        "period": "256",
                        "phase": "34"
                    },
                    "nonce": 68,
                    "tip": 0,
                    "isSigned": true
                },
                "lifetime": {
                    "isImmortal": 0,
                    "birth": 3049506,
                    "death": 3049762
                },
                "extrinsicHash": "0xc7c55dafbf378b00b3d7ea0629c4e165d515dcaefb515ef6a77fafb439b8ae8f",
                "extrinsicID": "3049508-153",
                "events": [
                    {
                        "docs": "[Some amount was withdrawn from the account (e.g. for transaction fees).]",
                        "section": "balances",
                        "method": "Withdraw",
                        "data": {
                            "who": "0xDcB4651B5BbD105CDa8d3bA5740b6C4f02b9256D",
                            "amount": "12,742,058,367,418"
                        },
                        "dataType": [
                            {
                                "typeDef": "AccountId20",
                                "name": "who"
                            },
                            {
                                "typeDef": "u128",
                                "name": "amount"
                            }
                        ]
                    },
                    {
                        "docs": "[An HRMP message was sent to a sibling parachain.]",
                        "section": "xcmpQueue",
                        "method": "XcmpMessageSent",
                        "data": {
                            "messageHash": "0x32ff99bb5ad70677b286d99bf3220cb7671b7442d385aaa291426d9a0b045dad"
                        },
                        "dataType": [
                            {
                                "typeDef": "Option<H256>",
                                "name": "message_hash"
                            }
                        ]
                    },
                    {
                        "docs": "[Transacted the call through a signed account in a destination chain.]",
                        "section": "xcmTransactor",
                        "method": "TransactedSigned",
                        "data": {
                            "feePayer": "0xDcB4651B5BbD105CDa8d3bA5740b6C4f02b9256D",
                            "dest": {
                                "parents": "1",
                                "interior": {
                                    "X1": {
                                        "Parachain": "888"
                                    }
                                }
                            },
                            "call": "0x260000e093040000000000000000000000000000000000000000000000000000000000010049ba58e2ef3047b1f90375c79b93578d90d24e24000000000000000000000000000000000000000000000000000000000000000010cde4efa900"
                        },
                        "dataType": [
                            {
                                "typeDef": "AccountId20",
                                "name": "fee_payer"
                            },
                            {
                                "typeDef": "{\"parents\":\"u8\",\"interior\":\"XcmV1MultilocationJunctions\"}",
                                "name": "dest"
                            },
                            {
                                "typeDef": "Bytes",
                                "name": "call"
                            }
                        ]
                    },
                    {
                        "docs": "[Some amount was deposited (e.g. for transaction fees).]",
                        "section": "balances",
                        "method": "Deposit",
                        "data": {
                            "who": "0x6d6F646c70632f74727372790000000000000000",
                            "amount": "2,548,411,673,484"
                        },
                        "dataType": [
                            {
                                "typeDef": "AccountId20",
                                "name": "who"
                            },
                            {
                                "typeDef": "u128",
                                "name": "amount"
                            }
                        ]
                    },
                    {
                        "docs": "[Some funds have been deposited.]",
                        "section": "treasury",
                        "method": "Deposit",
                        "data": {
                            "value": "2,548,411,673,484"
                        },
                        "dataType": [
                            {
                                "typeDef": "u128",
                                "name": "value"
                            }
                        ]
                    },
                    {
                        "docs": "[A transaction fee `actual_fee`, of which `tip` was added to the minimum inclusion fee,, has been paid by `who`.]",
                        "section": "transactionPayment",
                        "method": "TransactionFeePaid",
                        "data": {
                            "who": "0xDcB4651B5BbD105CDa8d3bA5740b6C4f02b9256D",
                            "actualFee": "12,742,058,367,418",
                            "tip": "0"
                        },
                        "dataType": [
                            {
                                "typeDef": "AccountId20",
                                "name": "who"
                            },
                            {
                                "typeDef": "u128",
                                "name": "actual_fee"
                            },
                            {
                                "typeDef": "u128",
                                "name": "tip"
                            }
                        ]
                    },
                    {
                        "docs": "[An extrinsic completed successfully.]",
                        "section": "system",
                        "method": "ExtrinsicSuccess",
                        "data": {
                            "dispatchInfo": {
                                "weight": "428,130,000",
                                "class": "Normal",
                                "paysFee": "Yes"
                            }
                        },
                        "dataType": [
                            {
                                "typeDef": "{\"weight\":\"u64\",\"class\":\"FrameSupportWeightsDispatchClass\",\"paysFee\":\"FrameSupportWeightsPays\"}",
                                "name": "dispatch_info"
                            }
                        ]
                    }
                ]
            }
        },
        "extrinsicID": "3049508-153"
    },
    "relayed": {
        "unfinalized": {},
        "finalized": {
            "msgType": "hrmp",
            "chainID": 61000,
            "chainIDDest": 60888,
            "paraID": 1000,
            "paraIDDest": 888,
            "sentAt": 7349615,
            "relayedAt": 7349616,
            "includedAt": 7349617,
            "msgHex": "0x02100b010300dcb4651b5bbd105cda8d3ba5740b6c4f02b9256d00040000010403000f0000434fd7946a130000010403000f0000434fd7946a010700d4adf4010601070050d6dc017d01260000e093040000000000000000000000000000000000000000000000000000000000010049ba58e2ef3047b1f90375c79b93578d90d24e24000000000000000000000000000000000000000000000000000000000000000010cde4efa900",
            "msgHash": "0x32ff99bb5ad70677b286d99bf3220cb7671b7442d385aaa291426d9a0b045dad",
            "relayedBlockHash": "0xbcd9fd175fd5533481af7679a146197091a4a3adef07f1c061a4cc06f4f8b298",
            "blockTS": 0,
            "relayChain": "moonbase-relay",
            "finalized": true,
            "ctx": "PendingAvailabilityCommitments"
        }
    },
    "destination": {
        "remoteEVMTx": {
            "chainId": 0,
            "nonce": 31,
            "maxPriorityFeePerGas": 0,
            "maxFeePerGas": 0,
            "gasLimit": 300000,
            "action": {
                "call": "0x49ba58e2ef3047b1f90375c79b93578d90d24e24"
            },
            "value": 0,
            "input": "0xcde4efa9",
            "accessList": [],
            "oddYParity": true,
            "r": "0x0000000000000000000000000000000000000000000000000000000000000001",
            "s": "0x0000000000000000000000000000000000000000000000000000000000000001",
            "type": 2,
            "ts": 0,
            "timestamp": 0,
            "blockNumber": 790554,
            "transactionIndex": 0,
            "hash": "0x5214c5fbcf7fe1209c4c64a660a701242568f0b25a9660e3b2995d123e974c08",
            "from": "0x02931229f6fcc2b02ada8638143fe0dfd0b313ae",
            "to": "0x49ba58e2ef3047b1f90375c79b93578d90d24e24",
            "logs": [
                {
                    "address": "0x49ba58e2ef3047b1f90375c79b93578d90d24e24",
                    "topics": [
                        "0x5927497611fce42d91839eabbf64893ee7e8d42f58ec50184d189f0ce1b06208",
                        "0x00000000000000000000000002931229f6fcc2b02ada8638143fe0dfd0b313ae"
                    ],
                    "data": "0x00000000000000000000000000000000000000000000000000000000000000000000000000000000000000000000000000000000000000000000000000000022"
                }
            ],
            "statusCode": 1
        },
        "unfinalized": {}
    }
}
relay TRACE 0xe5adcc2d7e11dad58103ec52a80c7c8a8b68ad545a7faef0261be7ea23eb49de 7349620 false
relay TRACE 0xcf7891b99d4dac35aa5554187a90e008e4d689509bdec6464c10cee7e1ff33f2 7349620 false
relay TRACE 0x3bb93c730c405155824cb912e6c14571ccdfaf350feb76006b671a8bab13ae79 7349620 false
destination TRACE 0x21979464f8dcec5b4bdf91257235ee8849223a62c1a6cd7434d2d4dd9d0ce1d8 790555 false
destination BLOCK 0x21979464f8dcec5b4bdf91257235ee8849223a62c1a6cd7434d2d4dd9d0ce1d8 790555 false
destination TRACE 0x74f2adab7ceac30655d79f88fe377b8d1e8c5504521330873669557b8d26287e 790555 false
destination BLOCK 0x74f2adab7ceac30655d79f88fe377b8d1e8c5504521330873669557b8d26287e 790555 false
destination TRACE 0xfbbbfe2966257131d3a5c1c57250b60bd8a1de5f2ea5a9f4ec6f1c37067e64ff 790555 false
destination BLOCK 0xfbbbfe2966257131d3a5c1c57250b60bd8a1de5f2ea5a9f4ec6f1c37067e64ff 790555 false
origination BLOCK 0x488764d3dfa6683606e4b1bc1b3996062c19d1b1cdfa75e4758189167a895f2d 3049510 false
destination TRACE 0xd0eb905b48e867cf64e2ceaa6189be564f77611047731d6874c74a281082eb60 790553 true
destination BLOCK 0xd0eb905b48e867cf64e2ceaa6189be564f77611047731d6874c74a281082eb60 790553 true
relay TRACE 0x54cc5bc2093a907c6abc7349c8d9752f85a33d9d17cb39dbbe216d784e36d4f3 7349618 true
destination TRACE 0x20c65301ce83edcbfe75dabf23f95b699f4a6f636b54cb64483193f8dc31ca21 790556 false
destination BLOCK 0x20c65301ce83edcbfe75dabf23f95b699f4a6f636b54cb64483193f8dc31ca21 790556 false
origination BLOCK 0x55b3c837b8196970a7b78fe66c1da5bfe691d0f1c322d9b2b82352e8d9cf2ceb 3049509 true
relay TRACE 0x64df61e94905a30692f4da5f790c4be5eb009c06b53c52047d6ce4107dc7a513 7349619 true
relay TRACE 0xc6ee57dfc365821964da5c57bbcf0a77cad6d4499dea18691a289b213c39843d 7349621 false
relay TRACE 0xa432f164eeec520b8eabc9375ef5cfdbd9da211371ef0efb5e8ee2b72ec3817e 7349622 false
relay TRACE 0xcf7891b99d4dac35aa5554187a90e008e4d689509bdec6464c10cee7e1ff33f2 7349620 true
destination TRACE 0xdfabfdf10491011a195bd7c9aaf2b5e598e7bc162690eb43f2975492f4fa3e1c 790554 true
destination BLOCK 0xdfabfdf10491011a195bd7c9aaf2b5e598e7bc162690eb43f2975492f4fa3e1c 790554 true
2022-10-22 00:04:00 XCMINFO: DEST RemoteEVMTX  FINALIZED 790554 {
    "origination": {
        "remoteEVMTx": {
            "from": "0x02931229f6fcc2b02ada8638143fe0dfd0b313ae",
            "transact": {
                "args": {
                    "xcm_transaction": {
                        "V1": {
                            "gasLimit": "300,000",
                            "feePayment": "Auto",
                            "action": {
                                "Call": "0x49ba58e2ef3047b1f90375c79b93578d90d24e24"
                            },
                            "value": "0",
                            "input": "0xcde4efa9",
                            "accessList": null
                        }
                    }
                },
                "method": "transact",
                "section": "ethereumXcm"
            }
        },
        "unfinalized": {
            "0x59936ec88bec32957d9d4c291b5e8ac4830c06d8edccd777109d1d38d6f8826b": {
                "method": {
                    "callIndex": "0x2106",
                    "pallet": "xcmTransactor",
                    "method": "transactThroughSigned"
                },
                "args": {
                    "dest": {
                        "v1": {
                            "parents": 1,
                            "interior": {
                                "x1": {
                                    "parachain": 888
                                }
                            }
                        }
                    },
                    "fee": {
                        "currency": {
                            "asCurrencyId": {
                                "foreignAsset": "0x1ab2b146c526d4154905ff12e6e57675"
                            }
                        },
                        "feeAmount": "0x0000000000000000006a94d74f430000"
                    },
                    "call": "0x260000e093040000000000000000000000000000000000000000000000000000000000010049ba58e2ef3047b1f90375c79b93578d90d24e24000000000000000000000000000000000000000000000000000000000000000010cde4efa900",
                    "weight_info": {
                        "transactRequiredWeightAtMost": 8000000000,
                        "overallWeight": null
                    }
                },
                "signature": {
                    "signer": "0xDcB4651B5BbD105CDa8d3bA5740b6C4f02b9256D",
                    "signature": "0x962856db9da0d7a7ab8c3e6f681eddac76f78ecf3cb212fa67a09bc0b6633bef1d164db2d8211dfbf3de8276535a2e3d3c4ebf9f3480e59b6d86f787f1011ef800",
                    "era": {
                        "period": "256",
                        "phase": "34"
                    },
                    "nonce": 68,
                    "tip": 0,
                    "isSigned": true
                },
                "lifetime": {
                    "isImmortal": 0,
                    "birth": 3049506,
                    "death": 3049762
                },
                "extrinsicHash": "0xc7c55dafbf378b00b3d7ea0629c4e165d515dcaefb515ef6a77fafb439b8ae8f",
                "extrinsicID": "3049508-153",
                "events": [
                    {
                        "docs": "[Some amount was withdrawn from the account (e.g. for transaction fees).]",
                        "section": "balances",
                        "method": "Withdraw",
                        "data": {
                            "who": "0xDcB4651B5BbD105CDa8d3bA5740b6C4f02b9256D",
                            "amount": "12,742,058,367,418"
                        },
                        "dataType": [
                            {
                                "typeDef": "AccountId20",
                                "name": "who"
                            },
                            {
                                "typeDef": "u128",
                                "name": "amount"
                            }
                        ]
                    },
                    {
                        "docs": "[An HRMP message was sent to a sibling parachain.]",
                        "section": "xcmpQueue",
                        "method": "XcmpMessageSent",
                        "data": {
                            "messageHash": "0x32ff99bb5ad70677b286d99bf3220cb7671b7442d385aaa291426d9a0b045dad"
                        },
                        "dataType": [
                            {
                                "typeDef": "Option<H256>",
                                "name": "message_hash"
                            }
                        ]
                    },
                    {
                        "docs": "[Transacted the call through a signed account in a destination chain.]",
                        "section": "xcmTransactor",
                        "method": "TransactedSigned",
                        "data": {
                            "feePayer": "0xDcB4651B5BbD105CDa8d3bA5740b6C4f02b9256D",
                            "dest": {
                                "parents": "1",
                                "interior": {
                                    "X1": {
                                        "Parachain": "888"
                                    }
                                }
                            },
                            "call": "0x260000e093040000000000000000000000000000000000000000000000000000000000010049ba58e2ef3047b1f90375c79b93578d90d24e24000000000000000000000000000000000000000000000000000000000000000010cde4efa900"
                        },
                        "dataType": [
                            {
                                "typeDef": "AccountId20",
                                "name": "fee_payer"
                            },
                            {
                                "typeDef": "{\"parents\":\"u8\",\"interior\":\"XcmV1MultilocationJunctions\"}",
                                "name": "dest"
                            },
                            {
                                "typeDef": "Bytes",
                                "name": "call"
                            }
                        ]
                    },
                    {
                        "docs": "[Some amount was deposited (e.g. for transaction fees).]",
                        "section": "balances",
                        "method": "Deposit",
                        "data": {
                            "who": "0x6d6F646c70632f74727372790000000000000000",
                            "amount": "2,548,411,673,484"
                        },
                        "dataType": [
                            {
                                "typeDef": "AccountId20",
                                "name": "who"
                            },
                            {
                                "typeDef": "u128",
                                "name": "amount"
                            }
                        ]
                    },
                    {
                        "docs": "[Some funds have been deposited.]",
                        "section": "treasury",
                        "method": "Deposit",
                        "data": {
                            "value": "2,548,411,673,484"
                        },
                        "dataType": [
                            {
                                "typeDef": "u128",
                                "name": "value"
                            }
                        ]
                    },
                    {
                        "docs": "[A transaction fee `actual_fee`, of which `tip` was added to the minimum inclusion fee,, has been paid by `who`.]",
                        "section": "transactionPayment",
                        "method": "TransactionFeePaid",
                        "data": {
                            "who": "0xDcB4651B5BbD105CDa8d3bA5740b6C4f02b9256D",
                            "actualFee": "12,742,058,367,418",
                            "tip": "0"
                        },
                        "dataType": [
                            {
                                "typeDef": "AccountId20",
                                "name": "who"
                            },
                            {
                                "typeDef": "u128",
                                "name": "actual_fee"
                            },
                            {
                                "typeDef": "u128",
                                "name": "tip"
                            }
                        ]
                    },
                    {
                        "docs": "[An extrinsic completed successfully.]",
                        "section": "system",
                        "method": "ExtrinsicSuccess",
                        "data": {
                            "dispatchInfo": {
                                "weight": "428,130,000",
                                "class": "Normal",
                                "paysFee": "Yes"
                            }
                        },
                        "dataType": [
                            {
                                "typeDef": "{\"weight\":\"u64\",\"class\":\"FrameSupportWeightsDispatchClass\",\"paysFee\":\"FrameSupportWeightsPays\"}",
                                "name": "dispatch_info"
                            }
                        ]
                    }
                ]
            }
        },
        "extrinsicID": "3049508-153"
    },
    "relayed": {
        "unfinalized": {},
        "finalized": {
            "msgType": "hrmp",
            "chainID": 61000,
            "chainIDDest": 60888,
            "paraID": 1000,
            "paraIDDest": 888,
            "sentAt": 7349615,
            "relayedAt": 7349616,
            "includedAt": 7349617,
            "msgHex": "0x02100b010300dcb4651b5bbd105cda8d3ba5740b6c4f02b9256d00040000010403000f0000434fd7946a130000010403000f0000434fd7946a010700d4adf4010601070050d6dc017d01260000e093040000000000000000000000000000000000000000000000000000000000010049ba58e2ef3047b1f90375c79b93578d90d24e24000000000000000000000000000000000000000000000000000000000000000010cde4efa900",
            "msgHash": "0x32ff99bb5ad70677b286d99bf3220cb7671b7442d385aaa291426d9a0b045dad",
            "relayedBlockHash": "0xbcd9fd175fd5533481af7679a146197091a4a3adef07f1c061a4cc06f4f8b298",
            "blockTS": 0,
            "relayChain": "moonbase-relay",
            "finalized": true,
            "ctx": "PendingAvailabilityCommitments"
        }
    },
    "destination": {
        "remoteEVMTx": {
            "chainId": 0,
            "nonce": 31,
            "maxPriorityFeePerGas": 0,
            "maxFeePerGas": 0,
            "gasLimit": 300000,
            "action": {
                "call": "0x49ba58e2ef3047b1f90375c79b93578d90d24e24"
            },
            "value": 0,
            "input": "0xcde4efa9",
            "accessList": [],
            "oddYParity": true,
            "r": "0x0000000000000000000000000000000000000000000000000000000000000001",
            "s": "0x0000000000000000000000000000000000000000000000000000000000000001",
            "type": 2,
            "ts": 0,
            "timestamp": 0,
            "blockNumber": 790554,
            "transactionIndex": 0,
            "hash": "0x5214c5fbcf7fe1209c4c64a660a701242568f0b25a9660e3b2995d123e974c08",
            "from": "0x02931229f6fcc2b02ada8638143fe0dfd0b313ae",
            "to": "0x49ba58e2ef3047b1f90375c79b93578d90d24e24",
            "logs": [
                {
                    "address": "0x49ba58e2ef3047b1f90375c79b93578d90d24e24",
                    "topics": [
                        "0x5927497611fce42d91839eabbf64893ee7e8d42f58ec50184d189f0ce1b06208",
                        "0x00000000000000000000000002931229f6fcc2b02ada8638143fe0dfd0b313ae"
                    ],
                    "data": "0x00000000000000000000000000000000000000000000000000000000000000000000000000000000000000000000000000000000000000000000000000000022"
                }
            ],
            "statusCode": 1
        },
        "unfinalized": {}
    }
}
relay TRACE 0x394067ae229aac56586c9bf3ca0cb999321c7e517b4a8fed136af6ce32fcbe85 7349623 false
origination BLOCK 0x488764d3dfa6683606e4b1bc1b3996062c19d1b1cdfa75e4758189167a895f2d 3049510 true
relay TRACE 0xc6ee57dfc365821964da5c57bbcf0a77cad6d4499dea18691a289b213c39843d 7349621 true
relay TRACE 0x98922f7ed3a04ece5d22951f1632a95be31a45429b06e98a015a647afcefad6c 7349624 false
destination TRACE 0x594528c5a6f890c643cce7d9b195e85314fb1fa32ffd8650eb8bc7d5060550ba 790557 false
destination BLOCK 0x594528c5a6f890c643cce7d9b195e85314fb1fa32ffd8650eb8bc7d5060550ba 790557 false
destination TRACE 0x21979464f8dcec5b4bdf91257235ee8849223a62c1a6cd7434d2d4dd9d0ce1d8 790555 true
destination BLOCK 0x21979464f8dcec5b4bdf91257235ee8849223a62c1a6cd7434d2d4dd9d0ce1d8 790555 true
