Connecting to chainID 60888 ws://moonbase-beta-internal.polkaholic.io:9944
2022-10-22 00:14:23        API/INIT: RPC methods not decorated: debug_traceBlockByHash, debug_traceBlockByNumber, debug_traceTransaction, moon_isBlockFinalized, moon_isTxFinalized, trace_filter, txpool_content, txpool_inspect, txpool_status
2022-10-22 00:14:23        API/INIT: moonbase/1800: Not decorating unknown runtime apis: 0xa33d43f58731ad84/2, 0xba8173bf23b2e6f8/1
API OPEN --  origination 60888
Connecting to chainID 60000 ws://moonbase-internal.polkaholic.io:9945
origination BLOCK 0xe164ffe6c1077583073aff6058a4e9e1c3ab52a0c6da0dffab07bd0e65c0abdd 790606 true
API OPEN --  relay 60000
Connecting to chainID 61000 ws://moonbase-internal.polkaholic.io:9944
2022-10-22 00:14:25        API/INIT: RPC methods not decorated: debug_traceBlockByHash, debug_traceBlockByNumber, debug_traceTransaction, moon_isBlockFinalized, moon_isTxFinalized, trace_filter, txpool_content, txpool_inspect, txpool_status
2022-10-22 00:14:25        API/INIT: moonbase/1803: Not decorating unknown runtime apis: 0xa33d43f58731ad84/2, 0xba8173bf23b2e6f8/1
API OPEN --  destination 61000
GENERATED ethereumXcm.transact 0x260000e09304000000000000000000000000000000000000000000000000000000000001003a7798ca28cfe64c974f8196450e1464f43a0d1e000000000000000000000000000000000000000000000000000000000000000010cde4efa900
xcmTransactor:transactThroughSigned args [
    {
        "V1": {
            "parents": 1,
            "interior": {
                "X1": {
                    "Parachain": 1000
                }
            }
        }
    },
    {
        "currency": {
            "AsCurrencyId": {
                "ForeignAsset": "222902676330054289648817870329963141953"
            }
        },
        "feeAmount": "30000000000000000"
    },
    "0x260000e09304000000000000000000000000000000000000000000000000000000000001003a7798ca28cfe64c974f8196450e1464f43a0d1e000000000000000000000000000000000000000000000000000000000000000010cde4efa900",
    {
        "transactRequiredWeightAtMost": "8000000000",
        "overallWeight": null
    }
]
transactThroughSigned 0x590204210601010100a10f000141db88672bc8d846f391236a707eb1a7010000434fd7946a0000000000000000007d01260000e09304000000000000000000000000000000000000000000000000000000000001003a7798ca28cfe64c974f8196450e1464f43a0d1e000000000000000000000000000000000000000000000000000000000000000010cde4efa9000050d6dc0100000000
destination BLOCK 0xf939d58be78e117ab791c0c51cd68c2732e855b929c5df4f21f9e59ccf640acc 3049550 true
Est. extrinsics weight=428130000, weight fees=12.7979 µDEV
broadcasting signed extrinsic
Transfer sent with hash 0x49213576c37c963b8ffc95d582ba723fb9e9eed0abca2e04b50026c9248aa7aa
View extrinsic: https://polkaholic.io/tx/0x49213576c37c963b8ffc95d582ba723fb9e9eed0abca2e04b50026c9248aa7aa
relay TRACE 0xbbd8d2de809a1baca4e8065d991c6b59eec32758ab6ad0d05c06809dcba46564 7349728 false
destination TRACE 0x7d7c28ccaa4809287e2706a8e647df80105144aa2fd3bbae249273c6b6513742 3049553 false
destination BLOCK 0x7d7c28ccaa4809287e2706a8e647df80105144aa2fd3bbae249273c6b6513742 3049553 false
origination BLOCK 0x747dd67a7b6c8cb1e4072a3c4246dac9b10562865a730a992a8a17a3a8979104 790609 false
2022-10-22 00:14:32 XCMINFO: ORIGINATION MSGHASH  UNFINALIZED 790609 extrinsicHash= 0x49213576c37c963b8ffc95d582ba723fb9e9eed0abca2e04b50026c9248aa7aa msgHash= 0x23a72fbe302664ece3a27bed053783860e46f56a746c6eba7d05acd54fe1a8c7
2022-10-22 00:14:32 XCMINFO: ORIGINATION EXTRINSIC  UNFINALIZED 790609 extrinsicHash= 0x49213576c37c963b8ffc95d582ba723fb9e9eed0abca2e04b50026c9248aa7aa xcmInfo {
    "origination": {
        "remoteEVMTx": {
            "from": "0xaa237a6eafe6714fdaab6b74a767893630bdd533",
            "transact": {
                "args": {
                    "xcm_transaction": {
                        "V1": {
                            "gasLimit": "300,000",
                            "feePayment": "Auto",
                            "action": {
                                "Call": "0x3a7798ca28cfe64c974f8196450e1464f43a0d1e"
                            },
                            "value": "0",
                            "input": "0xcde4efa9",
                            "accessList": null
                        }
                    }
                },
                "method": "transact",
                "section": "ethereumXcm"
            }
        },
        "unfinalized": {
            "0x747dd67a7b6c8cb1e4072a3c4246dac9b10562865a730a992a8a17a3a8979104": {
                "method": {
                    "callIndex": "0x2106",
                    "pallet": "xcmTransactor",
                    "method": "transactThroughSigned"
                },
                "args": {
                    "dest": {
                        "v1": {
                            "parents": 1,
                            "interior": {
                                "x1": {
                                    "parachain": 1000
                                }
                            }
                        }
                    },
                    "fee": {
                        "currency": {
                            "asCurrencyId": {
                                "foreignAsset": "0xa7b17e706a2391f346d8c82b6788db41"
                            }
                        },
                        "feeAmount": "0x0000000000000000006a94d74f430000"
                    },
                    "call": "0x260000e09304000000000000000000000000000000000000000000000000000000000001003a7798ca28cfe64c974f8196450e1464f43a0d1e000000000000000000000000000000000000000000000000000000000000000010cde4efa900",
                    "weight_info": {
                        "transactRequiredWeightAtMost": 8000000000,
                        "overallWeight": null
                    }
                },
                "signature": {
                    "signer": "0xDcB4651B5BbD105CDa8d3bA5740b6C4f02b9256D",
                    "signature": "0xcf4b9d596df87f2c9d1ac9561d106087d8955ae40468a484b6bd391561cd0a4e67c38d52305fa8149053975b8845e6f752ab358166b47392d089628a9d77fa1900",
                    "era": {
                        "period": "256",
                        "phase": "78"
                    },
                    "nonce": 16,
                    "tip": 0,
                    "isSigned": true
                },
                "lifetime": {
                    "isImmortal": 0,
                    "birth": 790606,
                    "death": 790862
                },
                "extrinsicHash": "0x49213576c37c963b8ffc95d582ba723fb9e9eed0abca2e04b50026c9248aa7aa",
                "extrinsicID": "790609-4",
                "events": [
                    {
                        "docs": "[Some amount was withdrawn from the account (e.g. for transaction fees).]",
                        "section": "balances",
                        "method": "Withdraw",
                        "data": {
                            "who": "0xDcB4651B5BbD105CDa8d3bA5740b6C4f02b9256D",
                            "amount": "12,797,948,079,290"
                        },
                        "dataType": [
                            {
                                "typeDef": "AccountId20",
                                "name": "who"
                            },
                            {
                                "typeDef": "u128",
                                "name": "amount"
                            }
                        ]
                    },
                    {
                        "docs": "[An HRMP message was sent to a sibling parachain.]",
                        "section": "xcmpQueue",
                        "method": "XcmpMessageSent",
                        "data": {
                            "messageHash": "0x23a72fbe302664ece3a27bed053783860e46f56a746c6eba7d05acd54fe1a8c7"
                        },
                        "dataType": [
                            {
                                "typeDef": "Option<H256>",
                                "name": "message_hash"
                            }
                        ]
                    },
                    {
                        "docs": "[Transacted the call through a signed account in a destination chain.]",
                        "section": "xcmTransactor",
                        "method": "TransactedSigned",
                        "data": {
                            "feePayer": "0xDcB4651B5BbD105CDa8d3bA5740b6C4f02b9256D",
                            "dest": {
                                "parents": "1",
                                "interior": {
                                    "X1": {
                                        "Parachain": "1,000"
                                    }
                                }
                            },
                            "call": "0x260000e09304000000000000000000000000000000000000000000000000000000000001003a7798ca28cfe64c974f8196450e1464f43a0d1e000000000000000000000000000000000000000000000000000000000000000010cde4efa900"
                        },
                        "dataType": [
                            {
                                "typeDef": "AccountId20",
                                "name": "fee_payer"
                            },
                            {
                                "typeDef": "{\"parents\":\"u8\",\"interior\":\"XcmV1MultilocationJunctions\"}",
                                "name": "dest"
                            },
                            {
                                "typeDef": "Bytes",
                                "name": "call"
                            }
                        ]
                    },
                    {
                        "docs": "[Some amount was deposited (e.g. for transaction fees).]",
                        "section": "balances",
                        "method": "Deposit",
                        "data": {
                            "who": "0x6d6F646c70632f74727372790000000000000000",
                            "amount": "2,559,589,615,858"
                        },
                        "dataType": [
                            {
                                "typeDef": "AccountId20",
                                "name": "who"
                            },
                            {
                                "typeDef": "u128",
                                "name": "amount"
                            }
                        ]
                    },
                    {
                        "docs": "[Some funds have been deposited.]",
                        "section": "treasury",
                        "method": "Deposit",
                        "data": {
                            "value": "2,559,589,615,858"
                        },
                        "dataType": [
                            {
                                "typeDef": "u128",
                                "name": "value"
                            }
                        ]
                    },
                    {
                        "docs": "[A transaction fee `actual_fee`, of which `tip` was added to the minimum inclusion fee,, has been paid by `who`.]",
                        "section": "transactionPayment",
                        "method": "TransactionFeePaid",
                        "data": {
                            "who": "0xDcB4651B5BbD105CDa8d3bA5740b6C4f02b9256D",
                            "actualFee": "12,797,948,079,290",
                            "tip": "0"
                        },
                        "dataType": [
                            {
                                "typeDef": "AccountId20",
                                "name": "who"
                            },
                            {
                                "typeDef": "u128",
                                "name": "actual_fee"
                            },
                            {
                                "typeDef": "u128",
                                "name": "tip"
                            }
                        ]
                    },
                    {
                        "docs": "[An extrinsic completed successfully.]",
                        "section": "system",
                        "method": "ExtrinsicSuccess",
                        "data": {
                            "dispatchInfo": {
                                "weight": "428,130,000",
                                "class": "Normal",
                                "paysFee": "Yes"
                            }
                        },
                        "dataType": [
                            {
                                "typeDef": "{\"weight\":\"u64\",\"class\":\"FrameSupportWeightsDispatchClass\",\"paysFee\":\"FrameSupportWeightsPays\"}",
                                "name": "dispatch_info"
                            }
                        ]
                    }
                ]
            }
        },
        "extrinsicID": null
    },
    "relayed": {
        "unfinalized": {}
    },
    "destination": {
        "remoteEVMTx": null,
        "unfinalized": {}
    }
}
destination BLOCK 0xc264c3de7cecb6ee3d7d34263d821c4295015008566c5912181714e3474129f6 3049551 true
origination BLOCK 0x36e66493cf17f5d52c57e9b0a160356120c6b1f6f5ffbaa8c054bb8acf8177b2 790607 true
relay TRACE 0xd385a94a5e451aa21884ecd98e772a0ae7796e4fbd74c6a9f7f9f03a015d4b54 7349729 false
2022-10-22 00:14:36 XCMINFO: RELAY CHAIN MESSAGE  UNFINALIZED 7349729 extrinsicHash 0x49213576c37c963b8ffc95d582ba723fb9e9eed0abca2e04b50026c9248aa7aa msgHash 0x23a72fbe302664ece3a27bed053783860e46f56a746c6eba7d05acd54fe1a8c7 xcmInfo {
    "origination": {
        "remoteEVMTx": {
            "from": "0xaa237a6eafe6714fdaab6b74a767893630bdd533",
            "transact": {
                "args": {
                    "xcm_transaction": {
                        "V1": {
                            "gasLimit": "300,000",
                            "feePayment": "Auto",
                            "action": {
                                "Call": "0x3a7798ca28cfe64c974f8196450e1464f43a0d1e"
                            },
                            "value": "0",
                            "input": "0xcde4efa9",
                            "accessList": null
                        }
                    }
                },
                "method": "transact",
                "section": "ethereumXcm"
            }
        },
        "unfinalized": {
            "0x747dd67a7b6c8cb1e4072a3c4246dac9b10562865a730a992a8a17a3a8979104": {
                "method": {
                    "callIndex": "0x2106",
                    "pallet": "xcmTransactor",
                    "method": "transactThroughSigned"
                },
                "args": {
                    "dest": {
                        "v1": {
                            "parents": 1,
                            "interior": {
                                "x1": {
                                    "parachain": 1000
                                }
                            }
                        }
                    },
                    "fee": {
                        "currency": {
                            "asCurrencyId": {
                                "foreignAsset": "0xa7b17e706a2391f346d8c82b6788db41"
                            }
                        },
                        "feeAmount": "0x0000000000000000006a94d74f430000"
                    },
                    "call": "0x260000e09304000000000000000000000000000000000000000000000000000000000001003a7798ca28cfe64c974f8196450e1464f43a0d1e000000000000000000000000000000000000000000000000000000000000000010cde4efa900",
                    "weight_info": {
                        "transactRequiredWeightAtMost": 8000000000,
                        "overallWeight": null
                    }
                },
                "signature": {
                    "signer": "0xDcB4651B5BbD105CDa8d3bA5740b6C4f02b9256D",
                    "signature": "0xcf4b9d596df87f2c9d1ac9561d106087d8955ae40468a484b6bd391561cd0a4e67c38d52305fa8149053975b8845e6f752ab358166b47392d089628a9d77fa1900",
                    "era": {
                        "period": "256",
                        "phase": "78"
                    },
                    "nonce": 16,
                    "tip": 0,
                    "isSigned": true
                },
                "lifetime": {
                    "isImmortal": 0,
                    "birth": 790606,
                    "death": 790862
                },
                "extrinsicHash": "0x49213576c37c963b8ffc95d582ba723fb9e9eed0abca2e04b50026c9248aa7aa",
                "extrinsicID": "790609-4",
                "events": [
                    {
                        "docs": "[Some amount was withdrawn from the account (e.g. for transaction fees).]",
                        "section": "balances",
                        "method": "Withdraw",
                        "data": {
                            "who": "0xDcB4651B5BbD105CDa8d3bA5740b6C4f02b9256D",
                            "amount": "12,797,948,079,290"
                        },
                        "dataType": [
                            {
                                "typeDef": "AccountId20",
                                "name": "who"
                            },
                            {
                                "typeDef": "u128",
                                "name": "amount"
                            }
                        ]
                    },
                    {
                        "docs": "[An HRMP message was sent to a sibling parachain.]",
                        "section": "xcmpQueue",
                        "method": "XcmpMessageSent",
                        "data": {
                            "messageHash": "0x23a72fbe302664ece3a27bed053783860e46f56a746c6eba7d05acd54fe1a8c7"
                        },
                        "dataType": [
                            {
                                "typeDef": "Option<H256>",
                                "name": "message_hash"
                            }
                        ]
                    },
                    {
                        "docs": "[Transacted the call through a signed account in a destination chain.]",
                        "section": "xcmTransactor",
                        "method": "TransactedSigned",
                        "data": {
                            "feePayer": "0xDcB4651B5BbD105CDa8d3bA5740b6C4f02b9256D",
                            "dest": {
                                "parents": "1",
                                "interior": {
                                    "X1": {
                                        "Parachain": "1,000"
                                    }
                                }
                            },
                            "call": "0x260000e09304000000000000000000000000000000000000000000000000000000000001003a7798ca28cfe64c974f8196450e1464f43a0d1e000000000000000000000000000000000000000000000000000000000000000010cde4efa900"
                        },
                        "dataType": [
                            {
                                "typeDef": "AccountId20",
                                "name": "fee_payer"
                            },
                            {
                                "typeDef": "{\"parents\":\"u8\",\"interior\":\"XcmV1MultilocationJunctions\"}",
                                "name": "dest"
                            },
                            {
                                "typeDef": "Bytes",
                                "name": "call"
                            }
                        ]
                    },
                    {
                        "docs": "[Some amount was deposited (e.g. for transaction fees).]",
                        "section": "balances",
                        "method": "Deposit",
                        "data": {
                            "who": "0x6d6F646c70632f74727372790000000000000000",
                            "amount": "2,559,589,615,858"
                        },
                        "dataType": [
                            {
                                "typeDef": "AccountId20",
                                "name": "who"
                            },
                            {
                                "typeDef": "u128",
                                "name": "amount"
                            }
                        ]
                    },
                    {
                        "docs": "[Some funds have been deposited.]",
                        "section": "treasury",
                        "method": "Deposit",
                        "data": {
                            "value": "2,559,589,615,858"
                        },
                        "dataType": [
                            {
                                "typeDef": "u128",
                                "name": "value"
                            }
                        ]
                    },
                    {
                        "docs": "[A transaction fee `actual_fee`, of which `tip` was added to the minimum inclusion fee,, has been paid by `who`.]",
                        "section": "transactionPayment",
                        "method": "TransactionFeePaid",
                        "data": {
                            "who": "0xDcB4651B5BbD105CDa8d3bA5740b6C4f02b9256D",
                            "actualFee": "12,797,948,079,290",
                            "tip": "0"
                        },
                        "dataType": [
                            {
                                "typeDef": "AccountId20",
                                "name": "who"
                            },
                            {
                                "typeDef": "u128",
                                "name": "actual_fee"
                            },
                            {
                                "typeDef": "u128",
                                "name": "tip"
                            }
                        ]
                    },
                    {
                        "docs": "[An extrinsic completed successfully.]",
                        "section": "system",
                        "method": "ExtrinsicSuccess",
                        "data": {
                            "dispatchInfo": {
                                "weight": "428,130,000",
                                "class": "Normal",
                                "paysFee": "Yes"
                            }
                        },
                        "dataType": [
                            {
                                "typeDef": "{\"weight\":\"u64\",\"class\":\"FrameSupportWeightsDispatchClass\",\"paysFee\":\"FrameSupportWeightsPays\"}",
                                "name": "dispatch_info"
                            }
                        ]
                    }
                ]
            }
        },
        "extrinsicID": null
    },
    "relayed": {
        "unfinalized": {
            "0xd385a94a5e451aa21884ecd98e772a0ae7796e4fbd74c6a9f7f9f03a015d4b54": {
                "msgType": "hrmp",
                "chainID": 60888,
                "chainIDDest": 61000,
                "paraID": 888,
                "paraIDDest": 1000,
                "sentAt": 7349728,
                "relayedAt": 7349729,
                "includedAt": 7349730,
                "msgHex": "0x02100b010300dcb4651b5bbd105cda8d3ba5740b6c4f02b9256d00040000010403000f0000434fd7946a130000010403000f0000434fd7946a010700d4adf4010601070050d6dc017d01260000e09304000000000000000000000000000000000000000000000000000000000001003a7798ca28cfe64c974f8196450e1464f43a0d1e000000000000000000000000000000000000000000000000000000000000000010cde4efa900",
                "msgHash": "0x23a72fbe302664ece3a27bed053783860e46f56a746c6eba7d05acd54fe1a8c7",
                "relayedBlockHash": "0xd385a94a5e451aa21884ecd98e772a0ae7796e4fbd74c6a9f7f9f03a015d4b54",
                "blockTS": 0,
                "relayChain": "moonbase-relay",
                "finalized": false,
                "ctx": "PendingAvailabilityCommitments"
            }
        }
    },
    "destination": {
        "remoteEVMTx": null,
        "unfinalized": {}
    }
}
relay TRACE 0x8cde35d36855742c83e68e5e256b5fdeae80ca035fbd1ac927a1889ea0e9ace1 7349730 false
relay TRACE 0x74edc47692d55a35e3ad372a7f9e1ed0ba12c2f3d17acf54e73f6f3a7a3bc21c 7349730 false
origination BLOCK 0x74ac74e8d59919a9812541cda20325abaca0595c6c0dcd84c1d06a96f7b2e026 790610 false
origination BLOCK 0xd12ede64a20c6c861fdff9e22fa72de46025312a9a8ad9c90ab06faf5b4cd86e 790610 false
relay TRACE 0xbbd8d2de809a1baca4e8065d991c6b59eec32758ab6ad0d05c06809dcba46564 7349728 true
destination BLOCK 0xad321a0cea31db49c94d75d97f7515d14b15db024ac348e5070893b2760e0933 3049552 true
relay TRACE 0x948acf2bc1e479fa0a3725df56fd664d34b1ed62f858bb93a825f68a53b644eb 7349731 false
origination BLOCK 0xb86dae8aaed35e73e781f0e5c5075f8e6077617fdaa6346c223f842f668f4208 790608 true
relay TRACE 0xd385a94a5e451aa21884ecd98e772a0ae7796e4fbd74c6a9f7f9f03a015d4b54 7349729 true
2022-10-22 00:14:52 XCMINFO: RELAY CHAIN MESSAGE  FINALIZED 7349729 extrinsicHash 0x49213576c37c963b8ffc95d582ba723fb9e9eed0abca2e04b50026c9248aa7aa msgHash 0x23a72fbe302664ece3a27bed053783860e46f56a746c6eba7d05acd54fe1a8c7 xcmInfo {
    "origination": {
        "remoteEVMTx": {
            "from": "0xaa237a6eafe6714fdaab6b74a767893630bdd533",
            "transact": {
                "args": {
                    "xcm_transaction": {
                        "V1": {
                            "gasLimit": "300,000",
                            "feePayment": "Auto",
                            "action": {
                                "Call": "0x3a7798ca28cfe64c974f8196450e1464f43a0d1e"
                            },
                            "value": "0",
                            "input": "0xcde4efa9",
                            "accessList": null
                        }
                    }
                },
                "method": "transact",
                "section": "ethereumXcm"
            }
        },
        "unfinalized": {
            "0x747dd67a7b6c8cb1e4072a3c4246dac9b10562865a730a992a8a17a3a8979104": {
                "method": {
                    "callIndex": "0x2106",
                    "pallet": "xcmTransactor",
                    "method": "transactThroughSigned"
                },
                "args": {
                    "dest": {
                        "v1": {
                            "parents": 1,
                            "interior": {
                                "x1": {
                                    "parachain": 1000
                                }
                            }
                        }
                    },
                    "fee": {
                        "currency": {
                            "asCurrencyId": {
                                "foreignAsset": "0xa7b17e706a2391f346d8c82b6788db41"
                            }
                        },
                        "feeAmount": "0x0000000000000000006a94d74f430000"
                    },
                    "call": "0x260000e09304000000000000000000000000000000000000000000000000000000000001003a7798ca28cfe64c974f8196450e1464f43a0d1e000000000000000000000000000000000000000000000000000000000000000010cde4efa900",
                    "weight_info": {
                        "transactRequiredWeightAtMost": 8000000000,
                        "overallWeight": null
                    }
                },
                "signature": {
                    "signer": "0xDcB4651B5BbD105CDa8d3bA5740b6C4f02b9256D",
                    "signature": "0xcf4b9d596df87f2c9d1ac9561d106087d8955ae40468a484b6bd391561cd0a4e67c38d52305fa8149053975b8845e6f752ab358166b47392d089628a9d77fa1900",
                    "era": {
                        "period": "256",
                        "phase": "78"
                    },
                    "nonce": 16,
                    "tip": 0,
                    "isSigned": true
                },
                "lifetime": {
                    "isImmortal": 0,
                    "birth": 790606,
                    "death": 790862
                },
                "extrinsicHash": "0x49213576c37c963b8ffc95d582ba723fb9e9eed0abca2e04b50026c9248aa7aa",
                "extrinsicID": "790609-4",
                "events": [
                    {
                        "docs": "[Some amount was withdrawn from the account (e.g. for transaction fees).]",
                        "section": "balances",
                        "method": "Withdraw",
                        "data": {
                            "who": "0xDcB4651B5BbD105CDa8d3bA5740b6C4f02b9256D",
                            "amount": "12,797,948,079,290"
                        },
                        "dataType": [
                            {
                                "typeDef": "AccountId20",
                                "name": "who"
                            },
                            {
                                "typeDef": "u128",
                                "name": "amount"
                            }
                        ]
                    },
                    {
                        "docs": "[An HRMP message was sent to a sibling parachain.]",
                        "section": "xcmpQueue",
                        "method": "XcmpMessageSent",
                        "data": {
                            "messageHash": "0x23a72fbe302664ece3a27bed053783860e46f56a746c6eba7d05acd54fe1a8c7"
                        },
                        "dataType": [
                            {
                                "typeDef": "Option<H256>",
                                "name": "message_hash"
                            }
                        ]
                    },
                    {
                        "docs": "[Transacted the call through a signed account in a destination chain.]",
                        "section": "xcmTransactor",
                        "method": "TransactedSigned",
                        "data": {
                            "feePayer": "0xDcB4651B5BbD105CDa8d3bA5740b6C4f02b9256D",
                            "dest": {
                                "parents": "1",
                                "interior": {
                                    "X1": {
                                        "Parachain": "1,000"
                                    }
                                }
                            },
                            "call": "0x260000e09304000000000000000000000000000000000000000000000000000000000001003a7798ca28cfe64c974f8196450e1464f43a0d1e000000000000000000000000000000000000000000000000000000000000000010cde4efa900"
                        },
                        "dataType": [
                            {
                                "typeDef": "AccountId20",
                                "name": "fee_payer"
                            },
                            {
                                "typeDef": "{\"parents\":\"u8\",\"interior\":\"XcmV1MultilocationJunctions\"}",
                                "name": "dest"
                            },
                            {
                                "typeDef": "Bytes",
                                "name": "call"
                            }
                        ]
                    },
                    {
                        "docs": "[Some amount was deposited (e.g. for transaction fees).]",
                        "section": "balances",
                        "method": "Deposit",
                        "data": {
                            "who": "0x6d6F646c70632f74727372790000000000000000",
                            "amount": "2,559,589,615,858"
                        },
                        "dataType": [
                            {
                                "typeDef": "AccountId20",
                                "name": "who"
                            },
                            {
                                "typeDef": "u128",
                                "name": "amount"
                            }
                        ]
                    },
                    {
                        "docs": "[Some funds have been deposited.]",
                        "section": "treasury",
                        "method": "Deposit",
                        "data": {
                            "value": "2,559,589,615,858"
                        },
                        "dataType": [
                            {
                                "typeDef": "u128",
                                "name": "value"
                            }
                        ]
                    },
                    {
                        "docs": "[A transaction fee `actual_fee`, of which `tip` was added to the minimum inclusion fee,, has been paid by `who`.]",
                        "section": "transactionPayment",
                        "method": "TransactionFeePaid",
                        "data": {
                            "who": "0xDcB4651B5BbD105CDa8d3bA5740b6C4f02b9256D",
                            "actualFee": "12,797,948,079,290",
                            "tip": "0"
                        },
                        "dataType": [
                            {
                                "typeDef": "AccountId20",
                                "name": "who"
                            },
                            {
                                "typeDef": "u128",
                                "name": "actual_fee"
                            },
                            {
                                "typeDef": "u128",
                                "name": "tip"
                            }
                        ]
                    },
                    {
                        "docs": "[An extrinsic completed successfully.]",
                        "section": "system",
                        "method": "ExtrinsicSuccess",
                        "data": {
                            "dispatchInfo": {
                                "weight": "428,130,000",
                                "class": "Normal",
                                "paysFee": "Yes"
                            }
                        },
                        "dataType": [
                            {
                                "typeDef": "{\"weight\":\"u64\",\"class\":\"FrameSupportWeightsDispatchClass\",\"paysFee\":\"FrameSupportWeightsPays\"}",
                                "name": "dispatch_info"
                            }
                        ]
                    }
                ]
            }
        },
        "extrinsicID": null
    },
    "relayed": {
        "unfinalized": {
            "0xd385a94a5e451aa21884ecd98e772a0ae7796e4fbd74c6a9f7f9f03a015d4b54": {
                "msgType": "hrmp",
                "chainID": 60888,
                "chainIDDest": 61000,
                "paraID": 888,
                "paraIDDest": 1000,
                "sentAt": 7349728,
                "relayedAt": 7349729,
                "includedAt": 7349730,
                "msgHex": "0x02100b010300dcb4651b5bbd105cda8d3ba5740b6c4f02b9256d00040000010403000f0000434fd7946a130000010403000f0000434fd7946a010700d4adf4010601070050d6dc017d01260000e09304000000000000000000000000000000000000000000000000000000000001003a7798ca28cfe64c974f8196450e1464f43a0d1e000000000000000000000000000000000000000000000000000000000000000010cde4efa900",
                "msgHash": "0x23a72fbe302664ece3a27bed053783860e46f56a746c6eba7d05acd54fe1a8c7",
                "relayedBlockHash": "0xd385a94a5e451aa21884ecd98e772a0ae7796e4fbd74c6a9f7f9f03a015d4b54",
                "blockTS": 0,
                "relayChain": "moonbase-relay",
                "finalized": false,
                "ctx": "PendingAvailabilityCommitments"
            }
        },
        "finalized": {
            "msgType": "hrmp",
            "chainID": 60888,
            "chainIDDest": 61000,
            "paraID": 888,
            "paraIDDest": 1000,
            "sentAt": 7349728,
            "relayedAt": 7349729,
            "includedAt": 7349730,
            "msgHex": "0x02100b010300dcb4651b5bbd105cda8d3ba5740b6c4f02b9256d00040000010403000f0000434fd7946a130000010403000f0000434fd7946a010700d4adf4010601070050d6dc017d01260000e09304000000000000000000000000000000000000000000000000000000000001003a7798ca28cfe64c974f8196450e1464f43a0d1e000000000000000000000000000000000000000000000000000000000000000010cde4efa900",
            "msgHash": "0x23a72fbe302664ece3a27bed053783860e46f56a746c6eba7d05acd54fe1a8c7",
            "relayedBlockHash": "0xd385a94a5e451aa21884ecd98e772a0ae7796e4fbd74c6a9f7f9f03a015d4b54",
            "blockTS": 0,
            "relayChain": "moonbase-relay",
            "finalized": true,
            "ctx": "PendingAvailabilityCommitments"
        }
    },
    "destination": {
        "remoteEVMTx": null,
        "unfinalized": {}
    }
}
relay TRACE 0xc19a76e1ccd6bd23cf7a86a107f86734cc58d5cc74d557d718d72690525af16e 7349732 false
origination BLOCK 0x7397560e1c1ed2123bea58636c44bd5ea3492832be30f384210af460b76d3a9a 790611 false
destination TRACE 0x7d7c28ccaa4809287e2706a8e647df80105144aa2fd3bbae249273c6b6513742 3049553 true
destination BLOCK 0x7d7c28ccaa4809287e2706a8e647df80105144aa2fd3bbae249273c6b6513742 3049553 true
relay TRACE 0x74edc47692d55a35e3ad372a7f9e1ed0ba12c2f3d17acf54e73f6f3a7a3bc21c 7349730 true
origination BLOCK 0x747dd67a7b6c8cb1e4072a3c4246dac9b10562865a730a992a8a17a3a8979104 790609 true
2022-10-22 00:14:56 XCMINFO: ORIGINATION MSGHASH  FINALIZED 790609 extrinsicHash= 0x49213576c37c963b8ffc95d582ba723fb9e9eed0abca2e04b50026c9248aa7aa msgHash= 0x23a72fbe302664ece3a27bed053783860e46f56a746c6eba7d05acd54fe1a8c7
2022-10-22 00:14:56 XCMINFO: ORIGINATION EXTRINSIC  FINALIZED 790609 extrinsicHash= 0x49213576c37c963b8ffc95d582ba723fb9e9eed0abca2e04b50026c9248aa7aa xcmInfo {
    "origination": {
        "remoteEVMTx": {
            "from": "0xaa237a6eafe6714fdaab6b74a767893630bdd533",
            "transact": {
                "args": {
                    "xcm_transaction": {
                        "V1": {
                            "gasLimit": "300,000",
                            "feePayment": "Auto",
                            "action": {
                                "Call": "0x3a7798ca28cfe64c974f8196450e1464f43a0d1e"
                            },
                            "value": "0",
                            "input": "0xcde4efa9",
                            "accessList": null
                        }
                    }
                },
                "method": "transact",
                "section": "ethereumXcm"
            }
        },
        "unfinalized": {
            "0x747dd67a7b6c8cb1e4072a3c4246dac9b10562865a730a992a8a17a3a8979104": {
                "method": {
                    "callIndex": "0x2106",
                    "pallet": "xcmTransactor",
                    "method": "transactThroughSigned"
                },
                "args": {
                    "dest": {
                        "v1": {
                            "parents": 1,
                            "interior": {
                                "x1": {
                                    "parachain": 1000
                                }
                            }
                        }
                    },
                    "fee": {
                        "currency": {
                            "asCurrencyId": {
                                "foreignAsset": "0xa7b17e706a2391f346d8c82b6788db41"
                            }
                        },
                        "feeAmount": "0x0000000000000000006a94d74f430000"
                    },
                    "call": "0x260000e09304000000000000000000000000000000000000000000000000000000000001003a7798ca28cfe64c974f8196450e1464f43a0d1e000000000000000000000000000000000000000000000000000000000000000010cde4efa900",
                    "weight_info": {
                        "transactRequiredWeightAtMost": 8000000000,
                        "overallWeight": null
                    }
                },
                "signature": {
                    "signer": "0xDcB4651B5BbD105CDa8d3bA5740b6C4f02b9256D",
                    "signature": "0xcf4b9d596df87f2c9d1ac9561d106087d8955ae40468a484b6bd391561cd0a4e67c38d52305fa8149053975b8845e6f752ab358166b47392d089628a9d77fa1900",
                    "era": {
                        "period": "256",
                        "phase": "78"
                    },
                    "nonce": 16,
                    "tip": 0,
                    "isSigned": true
                },
                "lifetime": {
                    "isImmortal": 0,
                    "birth": 790606,
                    "death": 790862
                },
                "extrinsicHash": "0x49213576c37c963b8ffc95d582ba723fb9e9eed0abca2e04b50026c9248aa7aa",
                "extrinsicID": "790609-4",
                "events": [
                    {
                        "docs": "[Some amount was withdrawn from the account (e.g. for transaction fees).]",
                        "section": "balances",
                        "method": "Withdraw",
                        "data": {
                            "who": "0xDcB4651B5BbD105CDa8d3bA5740b6C4f02b9256D",
                            "amount": "12,797,948,079,290"
                        },
                        "dataType": [
                            {
                                "typeDef": "AccountId20",
                                "name": "who"
                            },
                            {
                                "typeDef": "u128",
                                "name": "amount"
                            }
                        ]
                    },
                    {
                        "docs": "[An HRMP message was sent to a sibling parachain.]",
                        "section": "xcmpQueue",
                        "method": "XcmpMessageSent",
                        "data": {
                            "messageHash": "0x23a72fbe302664ece3a27bed053783860e46f56a746c6eba7d05acd54fe1a8c7"
                        },
                        "dataType": [
                            {
                                "typeDef": "Option<H256>",
                                "name": "message_hash"
                            }
                        ]
                    },
                    {
                        "docs": "[Transacted the call through a signed account in a destination chain.]",
                        "section": "xcmTransactor",
                        "method": "TransactedSigned",
                        "data": {
                            "feePayer": "0xDcB4651B5BbD105CDa8d3bA5740b6C4f02b9256D",
                            "dest": {
                                "parents": "1",
                                "interior": {
                                    "X1": {
                                        "Parachain": "1,000"
                                    }
                                }
                            },
                            "call": "0x260000e09304000000000000000000000000000000000000000000000000000000000001003a7798ca28cfe64c974f8196450e1464f43a0d1e000000000000000000000000000000000000000000000000000000000000000010cde4efa900"
                        },
                        "dataType": [
                            {
                                "typeDef": "AccountId20",
                                "name": "fee_payer"
                            },
                            {
                                "typeDef": "{\"parents\":\"u8\",\"interior\":\"XcmV1MultilocationJunctions\"}",
                                "name": "dest"
                            },
                            {
                                "typeDef": "Bytes",
                                "name": "call"
                            }
                        ]
                    },
                    {
                        "docs": "[Some amount was deposited (e.g. for transaction fees).]",
                        "section": "balances",
                        "method": "Deposit",
                        "data": {
                            "who": "0x6d6F646c70632f74727372790000000000000000",
                            "amount": "2,559,589,615,858"
                        },
                        "dataType": [
                            {
                                "typeDef": "AccountId20",
                                "name": "who"
                            },
                            {
                                "typeDef": "u128",
                                "name": "amount"
                            }
                        ]
                    },
                    {
                        "docs": "[Some funds have been deposited.]",
                        "section": "treasury",
                        "method": "Deposit",
                        "data": {
                            "value": "2,559,589,615,858"
                        },
                        "dataType": [
                            {
                                "typeDef": "u128",
                                "name": "value"
                            }
                        ]
                    },
                    {
                        "docs": "[A transaction fee `actual_fee`, of which `tip` was added to the minimum inclusion fee,, has been paid by `who`.]",
                        "section": "transactionPayment",
                        "method": "TransactionFeePaid",
                        "data": {
                            "who": "0xDcB4651B5BbD105CDa8d3bA5740b6C4f02b9256D",
                            "actualFee": "12,797,948,079,290",
                            "tip": "0"
                        },
                        "dataType": [
                            {
                                "typeDef": "AccountId20",
                                "name": "who"
                            },
                            {
                                "typeDef": "u128",
                                "name": "actual_fee"
                            },
                            {
                                "typeDef": "u128",
                                "name": "tip"
                            }
                        ]
                    },
                    {
                        "docs": "[An extrinsic completed successfully.]",
                        "section": "system",
                        "method": "ExtrinsicSuccess",
                        "data": {
                            "dispatchInfo": {
                                "weight": "428,130,000",
                                "class": "Normal",
                                "paysFee": "Yes"
                            }
                        },
                        "dataType": [
                            {
                                "typeDef": "{\"weight\":\"u64\",\"class\":\"FrameSupportWeightsDispatchClass\",\"paysFee\":\"FrameSupportWeightsPays\"}",
                                "name": "dispatch_info"
                            }
                        ]
                    }
                ]
            }
        },
        "extrinsicID": "790609-4"
    },
    "relayed": {
        "unfinalized": {
            "0xd385a94a5e451aa21884ecd98e772a0ae7796e4fbd74c6a9f7f9f03a015d4b54": {
                "msgType": "hrmp",
                "chainID": 60888,
                "chainIDDest": 61000,
                "paraID": 888,
                "paraIDDest": 1000,
                "sentAt": 7349728,
                "relayedAt": 7349729,
                "includedAt": 7349730,
                "msgHex": "0x02100b010300dcb4651b5bbd105cda8d3ba5740b6c4f02b9256d00040000010403000f0000434fd7946a130000010403000f0000434fd7946a010700d4adf4010601070050d6dc017d01260000e09304000000000000000000000000000000000000000000000000000000000001003a7798ca28cfe64c974f8196450e1464f43a0d1e000000000000000000000000000000000000000000000000000000000000000010cde4efa900",
                "msgHash": "0x23a72fbe302664ece3a27bed053783860e46f56a746c6eba7d05acd54fe1a8c7",
                "relayedBlockHash": "0xd385a94a5e451aa21884ecd98e772a0ae7796e4fbd74c6a9f7f9f03a015d4b54",
                "blockTS": 0,
                "relayChain": "moonbase-relay",
                "finalized": false,
                "ctx": "PendingAvailabilityCommitments"
            }
        },
        "finalized": {
            "msgType": "hrmp",
            "chainID": 60888,
            "chainIDDest": 61000,
            "paraID": 888,
            "paraIDDest": 1000,
            "sentAt": 7349728,
            "relayedAt": 7349729,
            "includedAt": 7349730,
            "msgHex": "0x02100b010300dcb4651b5bbd105cda8d3ba5740b6c4f02b9256d00040000010403000f0000434fd7946a130000010403000f0000434fd7946a010700d4adf4010601070050d6dc017d01260000e09304000000000000000000000000000000000000000000000000000000000001003a7798ca28cfe64c974f8196450e1464f43a0d1e000000000000000000000000000000000000000000000000000000000000000010cde4efa900",
            "msgHash": "0x23a72fbe302664ece3a27bed053783860e46f56a746c6eba7d05acd54fe1a8c7",
            "relayedBlockHash": "0xd385a94a5e451aa21884ecd98e772a0ae7796e4fbd74c6a9f7f9f03a015d4b54",
            "blockTS": 0,
            "relayChain": "moonbase-relay",
            "finalized": true,
            "ctx": "PendingAvailabilityCommitments"
        }
    },
    "destination": {
        "remoteEVMTx": null,
        "unfinalized": {}
    }
}
relay TRACE 0xae6ab7d7b1f35ddb56fb6178096c4791bc5dfb8e16f12120108d45bbde984749 7349733 false
relay TRACE 0xbb5d2092548ba6e455eecd2e9c645ff1e3695f2f2117b60cb62107ea9ac63e26 7349733 false
relay TRACE 0x948acf2bc1e479fa0a3725df56fd664d34b1ed62f858bb93a825f68a53b644eb 7349731 true
relay TRACE 0x255215cc2bac7a213c1f1c3ef4afcf1e54f23f1e5361af69fe73659421db48f0 7349734 false
relay TRACE 0x4102de70b780a773aa4eab7b616f7fd11a115502db26c056c6b8fb157c13bc3f 7349734 false
origination BLOCK 0x61786673e9309a8f12a92907d07b65f431e1a7903d01f3b84d8621a4a7ecd09b 790612 false
origination BLOCK 0xdccda4a7f6130def5066f030cf95b4e669cb707d34f6f34f9a51a0460fcd10b5 790612 false
destination TRACE 0xb68f89e956da64c63edafcf6af6bf0e5c94985c4f3bd7caf08dfb25986b39f70 3049554 false
destination BLOCK 0xb68f89e956da64c63edafcf6af6bf0e5c94985c4f3bd7caf08dfb25986b39f70 3049554 false
2022-10-22 00:15:09 XCMINFO: DEST RemoteEVMTX  FINALIZED 3049554 {
    "origination": {
        "remoteEVMTx": {
            "from": "0xaa237a6eafe6714fdaab6b74a767893630bdd533",
            "transact": {
                "args": {
                    "xcm_transaction": {
                        "V1": {
                            "gasLimit": "300,000",
                            "feePayment": "Auto",
                            "action": {
                                "Call": "0x3a7798ca28cfe64c974f8196450e1464f43a0d1e"
                            },
                            "value": "0",
                            "input": "0xcde4efa9",
                            "accessList": null
                        }
                    }
                },
                "method": "transact",
                "section": "ethereumXcm"
            }
        },
        "unfinalized": {
            "0x747dd67a7b6c8cb1e4072a3c4246dac9b10562865a730a992a8a17a3a8979104": {
                "method": {
                    "callIndex": "0x2106",
                    "pallet": "xcmTransactor",
                    "method": "transactThroughSigned"
                },
                "args": {
                    "dest": {
                        "v1": {
                            "parents": 1,
                            "interior": {
                                "x1": {
                                    "parachain": 1000
                                }
                            }
                        }
                    },
                    "fee": {
                        "currency": {
                            "asCurrencyId": {
                                "foreignAsset": "0xa7b17e706a2391f346d8c82b6788db41"
                            }
                        },
                        "feeAmount": "0x0000000000000000006a94d74f430000"
                    },
                    "call": "0x260000e09304000000000000000000000000000000000000000000000000000000000001003a7798ca28cfe64c974f8196450e1464f43a0d1e000000000000000000000000000000000000000000000000000000000000000010cde4efa900",
                    "weight_info": {
                        "transactRequiredWeightAtMost": 8000000000,
                        "overallWeight": null
                    }
                },
                "signature": {
                    "signer": "0xDcB4651B5BbD105CDa8d3bA5740b6C4f02b9256D",
                    "signature": "0xcf4b9d596df87f2c9d1ac9561d106087d8955ae40468a484b6bd391561cd0a4e67c38d52305fa8149053975b8845e6f752ab358166b47392d089628a9d77fa1900",
                    "era": {
                        "period": "256",
                        "phase": "78"
                    },
                    "nonce": 16,
                    "tip": 0,
                    "isSigned": true
                },
                "lifetime": {
                    "isImmortal": 0,
                    "birth": 790606,
                    "death": 790862
                },
                "extrinsicHash": "0x49213576c37c963b8ffc95d582ba723fb9e9eed0abca2e04b50026c9248aa7aa",
                "extrinsicID": "790609-4",
                "events": [
                    {
                        "docs": "[Some amount was withdrawn from the account (e.g. for transaction fees).]",
                        "section": "balances",
                        "method": "Withdraw",
                        "data": {
                            "who": "0xDcB4651B5BbD105CDa8d3bA5740b6C4f02b9256D",
                            "amount": "12,797,948,079,290"
                        },
                        "dataType": [
                            {
                                "typeDef": "AccountId20",
                                "name": "who"
                            },
                            {
                                "typeDef": "u128",
                                "name": "amount"
                            }
                        ]
                    },
                    {
                        "docs": "[An HRMP message was sent to a sibling parachain.]",
                        "section": "xcmpQueue",
                        "method": "XcmpMessageSent",
                        "data": {
                            "messageHash": "0x23a72fbe302664ece3a27bed053783860e46f56a746c6eba7d05acd54fe1a8c7"
                        },
                        "dataType": [
                            {
                                "typeDef": "Option<H256>",
                                "name": "message_hash"
                            }
                        ]
                    },
                    {
                        "docs": "[Transacted the call through a signed account in a destination chain.]",
                        "section": "xcmTransactor",
                        "method": "TransactedSigned",
                        "data": {
                            "feePayer": "0xDcB4651B5BbD105CDa8d3bA5740b6C4f02b9256D",
                            "dest": {
                                "parents": "1",
                                "interior": {
                                    "X1": {
                                        "Parachain": "1,000"
                                    }
                                }
                            },
                            "call": "0x260000e09304000000000000000000000000000000000000000000000000000000000001003a7798ca28cfe64c974f8196450e1464f43a0d1e000000000000000000000000000000000000000000000000000000000000000010cde4efa900"
                        },
                        "dataType": [
                            {
                                "typeDef": "AccountId20",
                                "name": "fee_payer"
                            },
                            {
                                "typeDef": "{\"parents\":\"u8\",\"interior\":\"XcmV1MultilocationJunctions\"}",
                                "name": "dest"
                            },
                            {
                                "typeDef": "Bytes",
                                "name": "call"
                            }
                        ]
                    },
                    {
                        "docs": "[Some amount was deposited (e.g. for transaction fees).]",
                        "section": "balances",
                        "method": "Deposit",
                        "data": {
                            "who": "0x6d6F646c70632f74727372790000000000000000",
                            "amount": "2,559,589,615,858"
                        },
                        "dataType": [
                            {
                                "typeDef": "AccountId20",
                                "name": "who"
                            },
                            {
                                "typeDef": "u128",
                                "name": "amount"
                            }
                        ]
                    },
                    {
                        "docs": "[Some funds have been deposited.]",
                        "section": "treasury",
                        "method": "Deposit",
                        "data": {
                            "value": "2,559,589,615,858"
                        },
                        "dataType": [
                            {
                                "typeDef": "u128",
                                "name": "value"
                            }
                        ]
                    },
                    {
                        "docs": "[A transaction fee `actual_fee`, of which `tip` was added to the minimum inclusion fee,, has been paid by `who`.]",
                        "section": "transactionPayment",
                        "method": "TransactionFeePaid",
                        "data": {
                            "who": "0xDcB4651B5BbD105CDa8d3bA5740b6C4f02b9256D",
                            "actualFee": "12,797,948,079,290",
                            "tip": "0"
                        },
                        "dataType": [
                            {
                                "typeDef": "AccountId20",
                                "name": "who"
                            },
                            {
                                "typeDef": "u128",
                                "name": "actual_fee"
                            },
                            {
                                "typeDef": "u128",
                                "name": "tip"
                            }
                        ]
                    },
                    {
                        "docs": "[An extrinsic completed successfully.]",
                        "section": "system",
                        "method": "ExtrinsicSuccess",
                        "data": {
                            "dispatchInfo": {
                                "weight": "428,130,000",
                                "class": "Normal",
                                "paysFee": "Yes"
                            }
                        },
                        "dataType": [
                            {
                                "typeDef": "{\"weight\":\"u64\",\"class\":\"FrameSupportWeightsDispatchClass\",\"paysFee\":\"FrameSupportWeightsPays\"}",
                                "name": "dispatch_info"
                            }
                        ]
                    }
                ]
            }
        },
        "extrinsicID": "790609-4"
    },
    "relayed": {
        "unfinalized": {
            "0xd385a94a5e451aa21884ecd98e772a0ae7796e4fbd74c6a9f7f9f03a015d4b54": {
                "msgType": "hrmp",
                "chainID": 60888,
                "chainIDDest": 61000,
                "paraID": 888,
                "paraIDDest": 1000,
                "sentAt": 7349728,
                "relayedAt": 7349729,
                "includedAt": 7349730,
                "msgHex": "0x02100b010300dcb4651b5bbd105cda8d3ba5740b6c4f02b9256d00040000010403000f0000434fd7946a130000010403000f0000434fd7946a010700d4adf4010601070050d6dc017d01260000e09304000000000000000000000000000000000000000000000000000000000001003a7798ca28cfe64c974f8196450e1464f43a0d1e000000000000000000000000000000000000000000000000000000000000000010cde4efa900",
                "msgHash": "0x23a72fbe302664ece3a27bed053783860e46f56a746c6eba7d05acd54fe1a8c7",
                "relayedBlockHash": "0xd385a94a5e451aa21884ecd98e772a0ae7796e4fbd74c6a9f7f9f03a015d4b54",
                "blockTS": 0,
                "relayChain": "moonbase-relay",
                "finalized": false,
                "ctx": "PendingAvailabilityCommitments"
            }
        },
        "finalized": {
            "msgType": "hrmp",
            "chainID": 60888,
            "chainIDDest": 61000,
            "paraID": 888,
            "paraIDDest": 1000,
            "sentAt": 7349728,
            "relayedAt": 7349729,
            "includedAt": 7349730,
            "msgHex": "0x02100b010300dcb4651b5bbd105cda8d3ba5740b6c4f02b9256d00040000010403000f0000434fd7946a130000010403000f0000434fd7946a010700d4adf4010601070050d6dc017d01260000e09304000000000000000000000000000000000000000000000000000000000001003a7798ca28cfe64c974f8196450e1464f43a0d1e000000000000000000000000000000000000000000000000000000000000000010cde4efa900",
            "msgHash": "0x23a72fbe302664ece3a27bed053783860e46f56a746c6eba7d05acd54fe1a8c7",
            "relayedBlockHash": "0xd385a94a5e451aa21884ecd98e772a0ae7796e4fbd74c6a9f7f9f03a015d4b54",
            "blockTS": 0,
            "relayChain": "moonbase-relay",
            "finalized": true,
            "ctx": "PendingAvailabilityCommitments"
        }
    },
    "destination": {
        "remoteEVMTx": {
            "chainId": 0,
            "nonce": 3,
            "maxPriorityFeePerGas": 0,
            "maxFeePerGas": 0,
            "gasLimit": 300000,
            "action": {
                "call": "0x3a7798ca28cfe64c974f8196450e1464f43a0d1e"
            },
            "value": 0,
            "input": "0xcde4efa9",
            "accessList": [],
            "oddYParity": true,
            "r": "0x0000000000000000000000000000000000000000000000000000000000000001",
            "s": "0x0000000000000000000000000000000000000000000000000000000000000001",
            "type": 2,
            "ts": 0,
            "timestamp": 0,
            "blockNumber": 3049554,
            "transactionIndex": 0,
            "hash": "0xd9f1c5eae02dcdac728b756cfe66dfea6625997e24ff891b15cd82769df477b8",
            "from": "0xaa237a6eafe6714fdaab6b74a767893630bdd533",
            "to": "0x3a7798ca28cfe64c974f8196450e1464f43a0d1e",
            "logs": [
                {
                    "address": "0x3a7798ca28cfe64c974f8196450e1464f43a0d1e",
                    "topics": [
                        "0x5927497611fce42d91839eabbf64893ee7e8d42f58ec50184d189f0ce1b06208",
                        "0x000000000000000000000000aa237a6eafe6714fdaab6b74a767893630bdd533"
                    ],
                    "data": "0x00000000000000000000000000000000000000000000000000000000000000000000000000000000000000000000000000000000000000000000000000000005"
                }
            ],
            "statusCode": 1
        },
        "unfinalized": {}
    }
}
origination BLOCK 0xd12ede64a20c6c861fdff9e22fa72de46025312a9a8ad9c90ab06faf5b4cd86e 790610 true
relay TRACE 0xc19a76e1ccd6bd23cf7a86a107f86734cc58d5cc74d557d718d72690525af16e 7349732 true
relay TRACE 0xc970b18fa455ece5ff0f1b5369ec3ab648eea74713632fa64a59977449987d3c 7349735 false
relay TRACE 0xae6ab7d7b1f35ddb56fb6178096c4791bc5dfb8e16f12120108d45bbde984749 7349733 true
relay TRACE 0x00804b1342185cb9aba2255c2c52500b9d87adbd4ced9950e8d5dc819e429d1b 7349736 false
destination TRACE 0x87cdbd6ed84600fabf012916a266a40e6767be63003826745e8bd0e5b05bfda6 3049555 false
destination BLOCK 0x87cdbd6ed84600fabf012916a266a40e6767be63003826745e8bd0e5b05bfda6 3049555 false
origination BLOCK 0xb2161dd31eb9ef5a36aa1496a7df108c01e744097b44f8bb712287aa609bf18c 790613 false
relay TRACE 0x4102de70b780a773aa4eab7b616f7fd11a115502db26c056c6b8fb157c13bc3f 7349734 true
origination BLOCK 0x7397560e1c1ed2123bea58636c44bd5ea3492832be30f384210af460b76d3a9a 790611 true
relay TRACE 0x6bcc6faa3de558924e1e73cbbcfc3c2259e6cb2237de528135053127c9fc792e 7349737 false
relay TRACE 0xc970b18fa455ece5ff0f1b5369ec3ab648eea74713632fa64a59977449987d3c 7349735 true
origination BLOCK 0x1b3465c49c48f168338289f80c71c6b3d62d0595c1d68db30d9798bddb5961e1 790614 false
origination BLOCK 0x8b5f8b9048d175b61fd5b33dc2daf0a2151d55530ece3f2564ac2b94a72872b8 790614 false
relay TRACE 0x60035368a4f61cf726934f2f8dc832b96e835e57c87871fb14eba26703d342c7 7349738 false
relay TRACE 0x162a6e732dabc92869acbcc04acf9d779839210e0d831f33e9d049efb7a0f1da 7349738 false
destination TRACE 0xb68f89e956da64c63edafcf6af6bf0e5c94985c4f3bd7caf08dfb25986b39f70 3049554 true
destination BLOCK 0xb68f89e956da64c63edafcf6af6bf0e5c94985c4f3bd7caf08dfb25986b39f70 3049554 true
relay TRACE 0x00804b1342185cb9aba2255c2c52500b9d87adbd4ced9950e8d5dc819e429d1b 7349736 true
origination BLOCK 0xdccda4a7f6130def5066f030cf95b4e669cb707d34f6f34f9a51a0460fcd10b5 790612 true
2022-10-22 00:15:34 XCMINFO: DEST RemoteEVMTX  FINALIZED 3049554 {
    "origination": {
        "remoteEVMTx": {
            "from": "0xaa237a6eafe6714fdaab6b74a767893630bdd533",
            "transact": {
                "args": {
                    "xcm_transaction": {
                        "V1": {
                            "gasLimit": "300,000",
                            "feePayment": "Auto",
                            "action": {
                                "Call": "0x3a7798ca28cfe64c974f8196450e1464f43a0d1e"
                            },
                            "value": "0",
                            "input": "0xcde4efa9",
                            "accessList": null
                        }
                    }
                },
                "method": "transact",
                "section": "ethereumXcm"
            }
        },
        "unfinalized": {
            "0x747dd67a7b6c8cb1e4072a3c4246dac9b10562865a730a992a8a17a3a8979104": {
                "method": {
                    "callIndex": "0x2106",
                    "pallet": "xcmTransactor",
                    "method": "transactThroughSigned"
                },
                "args": {
                    "dest": {
                        "v1": {
                            "parents": 1,
                            "interior": {
                                "x1": {
                                    "parachain": 1000
                                }
                            }
                        }
                    },
                    "fee": {
                        "currency": {
                            "asCurrencyId": {
                                "foreignAsset": "0xa7b17e706a2391f346d8c82b6788db41"
                            }
                        },
                        "feeAmount": "0x0000000000000000006a94d74f430000"
                    },
                    "call": "0x260000e09304000000000000000000000000000000000000000000000000000000000001003a7798ca28cfe64c974f8196450e1464f43a0d1e000000000000000000000000000000000000000000000000000000000000000010cde4efa900",
                    "weight_info": {
                        "transactRequiredWeightAtMost": 8000000000,
                        "overallWeight": null
                    }
                },
                "signature": {
                    "signer": "0xDcB4651B5BbD105CDa8d3bA5740b6C4f02b9256D",
                    "signature": "0xcf4b9d596df87f2c9d1ac9561d106087d8955ae40468a484b6bd391561cd0a4e67c38d52305fa8149053975b8845e6f752ab358166b47392d089628a9d77fa1900",
                    "era": {
                        "period": "256",
                        "phase": "78"
                    },
                    "nonce": 16,
                    "tip": 0,
                    "isSigned": true
                },
                "lifetime": {
                    "isImmortal": 0,
                    "birth": 790606,
                    "death": 790862
                },
                "extrinsicHash": "0x49213576c37c963b8ffc95d582ba723fb9e9eed0abca2e04b50026c9248aa7aa",
                "extrinsicID": "790609-4",
                "events": [
                    {
                        "docs": "[Some amount was withdrawn from the account (e.g. for transaction fees).]",
                        "section": "balances",
                        "method": "Withdraw",
                        "data": {
                            "who": "0xDcB4651B5BbD105CDa8d3bA5740b6C4f02b9256D",
                            "amount": "12,797,948,079,290"
                        },
                        "dataType": [
                            {
                                "typeDef": "AccountId20",
                                "name": "who"
                            },
                            {
                                "typeDef": "u128",
                                "name": "amount"
                            }
                        ]
                    },
                    {
                        "docs": "[An HRMP message was sent to a sibling parachain.]",
                        "section": "xcmpQueue",
                        "method": "XcmpMessageSent",
                        "data": {
                            "messageHash": "0x23a72fbe302664ece3a27bed053783860e46f56a746c6eba7d05acd54fe1a8c7"
                        },
                        "dataType": [
                            {
                                "typeDef": "Option<H256>",
                                "name": "message_hash"
                            }
                        ]
                    },
                    {
                        "docs": "[Transacted the call through a signed account in a destination chain.]",
                        "section": "xcmTransactor",
                        "method": "TransactedSigned",
                        "data": {
                            "feePayer": "0xDcB4651B5BbD105CDa8d3bA5740b6C4f02b9256D",
                            "dest": {
                                "parents": "1",
                                "interior": {
                                    "X1": {
                                        "Parachain": "1,000"
                                    }
                                }
                            },
                            "call": "0x260000e09304000000000000000000000000000000000000000000000000000000000001003a7798ca28cfe64c974f8196450e1464f43a0d1e000000000000000000000000000000000000000000000000000000000000000010cde4efa900"
                        },
                        "dataType": [
                            {
                                "typeDef": "AccountId20",
                                "name": "fee_payer"
                            },
                            {
                                "typeDef": "{\"parents\":\"u8\",\"interior\":\"XcmV1MultilocationJunctions\"}",
                                "name": "dest"
                            },
                            {
                                "typeDef": "Bytes",
                                "name": "call"
                            }
                        ]
                    },
                    {
                        "docs": "[Some amount was deposited (e.g. for transaction fees).]",
                        "section": "balances",
                        "method": "Deposit",
                        "data": {
                            "who": "0x6d6F646c70632f74727372790000000000000000",
                            "amount": "2,559,589,615,858"
                        },
                        "dataType": [
                            {
                                "typeDef": "AccountId20",
                                "name": "who"
                            },
                            {
                                "typeDef": "u128",
                                "name": "amount"
                            }
                        ]
                    },
                    {
                        "docs": "[Some funds have been deposited.]",
                        "section": "treasury",
                        "method": "Deposit",
                        "data": {
                            "value": "2,559,589,615,858"
                        },
                        "dataType": [
                            {
                                "typeDef": "u128",
                                "name": "value"
                            }
                        ]
                    },
                    {
                        "docs": "[A transaction fee `actual_fee`, of which `tip` was added to the minimum inclusion fee,, has been paid by `who`.]",
                        "section": "transactionPayment",
                        "method": "TransactionFeePaid",
                        "data": {
                            "who": "0xDcB4651B5BbD105CDa8d3bA5740b6C4f02b9256D",
                            "actualFee": "12,797,948,079,290",
                            "tip": "0"
                        },
                        "dataType": [
                            {
                                "typeDef": "AccountId20",
                                "name": "who"
                            },
                            {
                                "typeDef": "u128",
                                "name": "actual_fee"
                            },
                            {
                                "typeDef": "u128",
                                "name": "tip"
                            }
                        ]
                    },
                    {
                        "docs": "[An extrinsic completed successfully.]",
                        "section": "system",
                        "method": "ExtrinsicSuccess",
                        "data": {
                            "dispatchInfo": {
                                "weight": "428,130,000",
                                "class": "Normal",
                                "paysFee": "Yes"
                            }
                        },
                        "dataType": [
                            {
                                "typeDef": "{\"weight\":\"u64\",\"class\":\"FrameSupportWeightsDispatchClass\",\"paysFee\":\"FrameSupportWeightsPays\"}",
                                "name": "dispatch_info"
                            }
                        ]
                    }
                ]
            }
        },
        "extrinsicID": "790609-4"
    },
    "relayed": {
        "unfinalized": {
            "0xd385a94a5e451aa21884ecd98e772a0ae7796e4fbd74c6a9f7f9f03a015d4b54": {
                "msgType": "hrmp",
                "chainID": 60888,
                "chainIDDest": 61000,
                "paraID": 888,
                "paraIDDest": 1000,
                "sentAt": 7349728,
                "relayedAt": 7349729,
                "includedAt": 7349730,
                "msgHex": "0x02100b010300dcb4651b5bbd105cda8d3ba5740b6c4f02b9256d00040000010403000f0000434fd7946a130000010403000f0000434fd7946a010700d4adf4010601070050d6dc017d01260000e09304000000000000000000000000000000000000000000000000000000000001003a7798ca28cfe64c974f8196450e1464f43a0d1e000000000000000000000000000000000000000000000000000000000000000010cde4efa900",
                "msgHash": "0x23a72fbe302664ece3a27bed053783860e46f56a746c6eba7d05acd54fe1a8c7",
                "relayedBlockHash": "0xd385a94a5e451aa21884ecd98e772a0ae7796e4fbd74c6a9f7f9f03a015d4b54",
                "blockTS": 0,
                "relayChain": "moonbase-relay",
                "finalized": false,
                "ctx": "PendingAvailabilityCommitments"
            }
        },
        "finalized": {
            "msgType": "hrmp",
            "chainID": 60888,
            "chainIDDest": 61000,
            "paraID": 888,
            "paraIDDest": 1000,
            "sentAt": 7349728,
            "relayedAt": 7349729,
            "includedAt": 7349730,
            "msgHex": "0x02100b010300dcb4651b5bbd105cda8d3ba5740b6c4f02b9256d00040000010403000f0000434fd7946a130000010403000f0000434fd7946a010700d4adf4010601070050d6dc017d01260000e09304000000000000000000000000000000000000000000000000000000000001003a7798ca28cfe64c974f8196450e1464f43a0d1e000000000000000000000000000000000000000000000000000000000000000010cde4efa900",
            "msgHash": "0x23a72fbe302664ece3a27bed053783860e46f56a746c6eba7d05acd54fe1a8c7",
            "relayedBlockHash": "0xd385a94a5e451aa21884ecd98e772a0ae7796e4fbd74c6a9f7f9f03a015d4b54",
            "blockTS": 0,
            "relayChain": "moonbase-relay",
            "finalized": true,
            "ctx": "PendingAvailabilityCommitments"
        }
    },
    "destination": {
        "remoteEVMTx": {
            "chainId": 0,
            "nonce": 3,
            "maxPriorityFeePerGas": 0,
            "maxFeePerGas": 0,
            "gasLimit": 300000,
            "action": {
                "call": "0x3a7798ca28cfe64c974f8196450e1464f43a0d1e"
            },
            "value": 0,
            "input": "0xcde4efa9",
            "accessList": [],
            "oddYParity": true,
            "r": "0x0000000000000000000000000000000000000000000000000000000000000001",
            "s": "0x0000000000000000000000000000000000000000000000000000000000000001",
            "type": 2,
            "ts": 0,
            "timestamp": 0,
            "blockNumber": 3049554,
            "transactionIndex": 0,
            "hash": "0xd9f1c5eae02dcdac728b756cfe66dfea6625997e24ff891b15cd82769df477b8",
            "from": "0xaa237a6eafe6714fdaab6b74a767893630bdd533",
            "to": "0x3a7798ca28cfe64c974f8196450e1464f43a0d1e",
            "logs": [
                {
                    "address": "0x3a7798ca28cfe64c974f8196450e1464f43a0d1e",
                    "topics": [
                        "0x5927497611fce42d91839eabbf64893ee7e8d42f58ec50184d189f0ce1b06208",
                        "0x000000000000000000000000aa237a6eafe6714fdaab6b74a767893630bdd533"
                    ],
                    "data": "0x00000000000000000000000000000000000000000000000000000000000000000000000000000000000000000000000000000000000000000000000000000005"
                }
            ],
            "statusCode": 1
        },
        "unfinalized": {}
    }
}
destination TRACE 0x980c06853107b29d802ba7f4da2cbcc2a6f375b03466e798862a32492c36df1e 3049556 false
destination BLOCK 0x980c06853107b29d802ba7f4da2cbcc2a6f375b03466e798862a32492c36df1e 3049556 false
destination TRACE 0x344bce2e521bcd2154d073468b81db89debb2b585e931e5dc30f63381d3e750a 3049556 false
destination BLOCK 0x344bce2e521bcd2154d073468b81db89debb2b585e931e5dc30f63381d3e750a 3049556 false
